2025-01-23 09:19:07,103 [INFO] Activator:176 - 


2025-01-23 09:19:07,107 [INFO] Activator:177 - !SESSION log4j initialized
2025-01-23 09:19:10,469 [INFO] LogOutputStream:77 - [STDOUT_REDIRECT] 
2025-01-23 09:19:12,977 [INFO] ApplicationProperties:184 - Using Application install path: C:\ST\STM32CubeIDE_1.14.1\STM32CubeIDE\plugins\com.st.stm32cube.common.mx_6.10.0.202311202037
2025-01-23 09:19:12,988 [INFO] DbMcusXml:78 - Set database path to: C:\ST\STM32CubeIDE_1.14.1\STM32CubeIDE\plugins\com.st.stm32cube.common.mx_6.10.0.202311202037\\db\/mcu/
2025-01-23 09:19:12,988 [INFO] ApiDb:274 - Set plugin database path to: C:\ST\STM32CubeIDE_1.14.1\STM32CubeIDE\plugins\com.st.stm32cube.common.mx_6.10.0.202311202037\\db\/plugins/boardmanager/
2025-01-23 09:19:12,988 [WARN] ApiDb:259 - Overriding images path with different value:  => C:\ST\STM32CubeIDE_1.14.1\STM32CubeIDE\plugins\com.st.stm32cube.common.mx_6.10.0.202311202037\\db\/plugins/mcufinder/images/
2025-01-23 09:19:12,996 [INFO] ApiDb:250 - Set database path to: C:\Users\user\.stmcufinder\plugins\mcufinder//mcu/
2025-01-23 09:19:12,996 [INFO] DbMcusAds:125 - Set database path to: C:\Users\user\.stmcufinder\plugins\mcufinder//mcu/
2025-01-23 09:19:12,997 [INFO] CrossReferenceDbSqlite:203 - Set database path to: C:\Users\user\.stmcufinder\plugins\mcufinder//mcu/cs/
2025-01-23 09:19:13,056 [INFO] RulesReader:64 - Compatibility file has been processed (297 Rules)
2025-01-23 09:19:13,107 [INFO] DbMcusXml:78 - Set database path to: C:\ST\STM32CubeIDE_1.14.1\STM32CubeIDE\plugins\com.st.stm32cube.common.mx_6.10.0.202311202037\\db\/mcu/
2025-01-23 09:19:13,107 [INFO] ApiDb:274 - Set plugin database path to: C:\ST\STM32CubeIDE_1.14.1\STM32CubeIDE\plugins\com.st.stm32cube.common.mx_6.10.0.202311202037\\db\/plugins/boardmanager/
2025-01-23 09:19:13,108 [INFO] ApiDb:261 - Set plugin images path to: C:\ST\STM32CubeIDE_1.14.1\STM32CubeIDE\plugins\com.st.stm32cube.common.mx_6.10.0.202311202037\\db\/plugins/mcufinder/images/
2025-01-23 09:19:13,108 [WARN] DbFile:41 - Overriding database path with different value: C:\Users\user\.stmcufinder\plugins\mcufinder/ => C:\Users\user\.stmcufinder\plugins\mcufinder
2025-01-23 09:19:13,108 [INFO] ApiDb:250 - Set database path to: C:\Users\user\.stmcufinder\plugins\mcufinder//mcu/
2025-01-23 09:19:13,108 [WARN] DbFile:41 - Overriding database path with different value: C:\Users\user\.stmcufinder\plugins\mcufinder/ => C:\Users\user\.stmcufinder\plugins\mcufinder
2025-01-23 09:19:13,108 [INFO] DbMcusAds:125 - Set database path to: C:\Users\user\.stmcufinder\plugins\mcufinder//mcu/
2025-01-23 09:19:13,108 [WARN] DbFile:41 - Overriding database path with different value: C:\Users\user\.stmcufinder\plugins\mcufinder/ => C:\Users\user\.stmcufinder\plugins\mcufinder
2025-01-23 09:19:13,108 [WARN] DbFile:41 - Overriding database path with different value: C:\Users\user\.stmcufinder\plugins\mcufinder/ => C:\Users\user\.stmcufinder\plugins\mcufinder
2025-01-23 09:19:13,108 [INFO] CrossReferenceDbSqlite:203 - Set database path to: C:\Users\user\.stmcufinder\plugins\mcufinder//mcu/cs/
2025-01-23 09:19:13,155 [INFO] MainPanel:264 - HeapMemory: 268435456
2025-01-23 09:19:13,208 [INFO] DbMcusXml:78 - Set database path to: C:\ST\STM32CubeIDE_1.14.1\STM32CubeIDE\plugins\com.st.stm32cube.common.mx_6.10.0.202311202037\\db\/mcu/
2025-01-23 09:19:13,208 [INFO] ApiDb:274 - Set plugin database path to: C:\ST\STM32CubeIDE_1.14.1\STM32CubeIDE\plugins\com.st.stm32cube.common.mx_6.10.0.202311202037\\db\/plugins/boardmanager/
2025-01-23 09:19:13,208 [INFO] ApiDb:261 - Set plugin images path to: C:\ST\STM32CubeIDE_1.14.1\STM32CubeIDE\plugins\com.st.stm32cube.common.mx_6.10.0.202311202037\\db\/plugins/mcufinder/images/
2025-01-23 09:19:13,208 [WARN] DbFile:41 - Overriding database path with different value: C:\Users\user\.stmcufinder\plugins\mcufinder/ => C:\Users\user\.stmcufinder\plugins\mcufinder
2025-01-23 09:19:13,208 [INFO] ApiDb:250 - Set database path to: C:\Users\user\.stmcufinder\plugins\mcufinder//mcu/
2025-01-23 09:19:13,208 [WARN] DbFile:41 - Overriding database path with different value: C:\Users\user\.stmcufinder\plugins\mcufinder/ => C:\Users\user\.stmcufinder\plugins\mcufinder
2025-01-23 09:19:13,208 [INFO] DbMcusAds:125 - Set database path to: C:\Users\user\.stmcufinder\plugins\mcufinder//mcu/
2025-01-23 09:19:13,208 [WARN] DbFile:41 - Overriding database path with different value: C:\Users\user\.stmcufinder\plugins\mcufinder/ => C:\Users\user\.stmcufinder\plugins\mcufinder
2025-01-23 09:19:13,208 [WARN] DbFile:41 - Overriding database path with different value: C:\Users\user\.stmcufinder\plugins\mcufinder/ => C:\Users\user\.stmcufinder\plugins\mcufinder
2025-01-23 09:19:13,208 [INFO] CrossReferenceDbSqlite:203 - Set database path to: C:\Users\user\.stmcufinder\plugins\mcufinder//mcu/cs/
2025-01-23 09:19:13,219 [INFO] ApplicationProperties:184 - Using Application install path: C:\ST\STM32CubeIDE_1.14.1\STM32CubeIDE\plugins\com.st.stm32cube.common.mx_6.10.0.202311202037
2025-01-23 09:19:13,220 [INFO] PluginManage:196 - Search for loadable plugins [exclusion list=, ]
2025-01-23 09:19:13,221 [INFO] PluginManage:310 - Check plugin analytics
2025-01-23 09:19:13,333 [INFO] AnalyticsPlugin:253 - Accepted Software Licenses: 
2025-01-23 09:19:13,333 [INFO] AnalyticsPlugin:255 - Accepted CMSIS Pack Licenses: 
2025-01-23 09:19:13,333 [INFO] AnalyticsPlugin:257 - Accepted Firmware Licenses: FW.F4.1.28.0
2025-01-23 09:19:13,336 [INFO] PluginManage:359 - Loaded plugin analytics (category:tool,tabindex:-1)
2025-01-23 09:19:13,336 [INFO] PluginManage:310 - Check plugin cadmodel
2025-01-23 09:19:13,340 [INFO] CADModel:105 - Init CAD model plugin
2025-01-23 09:19:13,340 [INFO] PluginManage:359 - Loaded plugin cadmodel (category:power,tabindex:5)
2025-01-23 09:19:13,341 [INFO] PluginManage:310 - Check plugin clock
2025-01-23 09:19:13,349 [INFO] PluginManage:359 - Loaded plugin clock (category:base,tabindex:2)
2025-01-23 09:19:13,349 [INFO] PluginManage:310 - Check plugin ddr
2025-01-23 09:19:13,351 [INFO] PluginManage:359 - Loaded plugin ddr (category:tool,tabindex:6)
2025-01-23 09:19:13,351 [INFO] PluginManage:310 - Check plugin filemanager
2025-01-23 09:19:13,448 [INFO] PluginManage:359 - Loaded plugin filemanager (category:base,tabindex:10)
2025-01-23 09:19:13,448 [INFO] PluginManage:310 - Check plugin ipmanager
2025-01-23 09:19:13,454 [INFO] PluginManage:359 - Loaded plugin ipmanager (category:base,tabindex:5)
2025-01-23 09:19:13,454 [INFO] PluginManage:310 - Check plugin lpbam
2025-01-23 09:19:13,460 [INFO] PluginManage:359 - Loaded plugin lpbam (category:base,tabindex:0)
2025-01-23 09:19:13,460 [INFO] PluginManage:310 - Check plugin memorymap
2025-01-23 09:19:13,469 [INFO] PluginManage:359 - Loaded plugin memorymap (category:base,tabindex:4)
2025-01-23 09:19:13,469 [INFO] PluginManage:310 - Check plugin pinoutandconfiguration
2025-01-23 09:19:13,475 [INFO] PluginManage:359 - Loaded plugin pinoutandconfiguration (category:base,tabindex:1)
2025-01-23 09:19:13,475 [INFO] PluginManage:310 - Check plugin pinoutconfig
2025-01-23 09:19:13,525 [WARN] SupportedApi:132 - Cannot load RTOS API schema: s4s-elt-must-match.1: The content of 'definitions' must match (annotation?, (simpleType | complexType)?, (unique | key | keyref)*)). A problem was found starting at: attribute.
2025-01-23 09:19:13,595 [INFO] PluginManage:359 - Loaded plugin pinoutconfig (category:base,tabindex:0)
2025-01-23 09:19:13,595 [INFO] PluginManage:310 - Check plugin power
2025-01-23 09:19:13,601 [INFO] PluginManage:359 - Loaded plugin power (category:power,tabindex:4)
2025-01-23 09:19:13,601 [INFO] PluginManage:310 - Check plugin projectmanager
2025-01-23 09:19:13,615 [INFO] PluginManage:359 - Loaded plugin projectmanager (category:projectmanager,tabindex:3)
2025-01-23 09:19:13,615 [INFO] PluginManage:310 - Check plugin thirdparty
2025-01-23 09:19:13,700 [INFO] PluginManage:359 - Loaded plugin thirdparty (category:base,tabindex:-1)
2025-01-23 09:19:13,700 [INFO] PluginManage:310 - Check plugin tools
2025-01-23 09:19:13,700 [WARN] IntegrityCheckThread:84 - waiting for thirdparty lock release [integrity check]
2025-01-23 09:19:13,700 [INFO] IntegrityCheckThread:86 - entering critical section [integrity check]
2025-01-23 09:19:13,701 [INFO] ThirdPartyUpdaterWithRetryManager:70 - Updater plugin not ready yet. [1/15]
2025-01-23 09:19:13,702 [INFO] PluginManage:359 - Loaded plugin tools (category:base,tabindex:7)
2025-01-23 09:19:13,702 [INFO] PluginManage:310 - Check plugin tutovideos
2025-01-23 09:19:13,798 [INFO] PluginManage:359 - Loaded plugin tutovideos (category:base,tabindex:-1)
2025-01-23 09:19:13,798 [INFO] PluginManage:310 - Check plugin updater
2025-01-23 09:19:13,806 [INFO] PluginManage:359 - Loaded plugin updater (category:base,tabindex:12)
2025-01-23 09:19:13,806 [INFO] PluginManage:310 - Check plugin userauth
2025-01-23 09:19:13,810 [INFO] UserAuth:114 - Init User Auth plugin
2025-01-23 09:19:13,810 [INFO] PluginManage:359 - Loaded plugin userauth (category:base,tabindex:14)
2025-01-23 09:19:13,810 [INFO] PluginManage:283 - PluginManage : Loaded plugins [17]
2025-01-23 09:19:13,933 [INFO] PinOutPanel:1499 - setPackage(No Configuration,No Configuration)
2025-01-23 09:19:13,979 [INFO] CADModel:165 - CPN selected for project level
2025-01-23 09:19:13,979 [INFO] CADModel:114 - Register for checkConnection events
2025-01-23 09:19:13,990 [INFO] IPUIPlugin:80 - create IPUIPlugin
2025-01-23 09:19:13,990 [INFO] PluginManager:220 - loadIPPluginJar : add adc
2025-01-23 09:19:13,992 [INFO] IPUIPlugin:80 - create IPUIPlugin
2025-01-23 09:19:13,992 [INFO] PluginManager:220 - loadIPPluginJar : add aes
2025-01-23 09:19:13,994 [INFO] IPUIPlugin:80 - create IPUIPlugin
2025-01-23 09:19:13,994 [INFO] PluginManager:220 - loadIPPluginJar : add can
2025-01-23 09:19:13,995 [INFO] IPUIPlugin:80 - create IPUIPlugin
2025-01-23 09:19:13,995 [INFO] PluginManager:220 - loadIPPluginJar : add comp
2025-01-23 09:19:13,997 [INFO] IPUIPlugin:80 - create IPUIPlugin
2025-01-23 09:19:13,997 [INFO] PluginManager:220 - loadIPPluginJar : add cryp
2025-01-23 09:19:13,999 [INFO] IPUIPlugin:80 - create IPUIPlugin
2025-01-23 09:19:13,999 [INFO] PluginManager:220 - loadIPPluginJar : add dfsdm
2025-01-23 09:19:14,002 [INFO] IPUIPlugin:80 - create IPUIPlugin
2025-01-23 09:19:14,003 [INFO] PluginManager:220 - loadIPPluginJar : add dma
2025-01-23 09:19:14,004 [INFO] IPUIPlugin:80 - create IPUIPlugin
2025-01-23 09:19:14,004 [INFO] PluginManager:220 - loadIPPluginJar : add dma3
2025-01-23 09:19:14,005 [INFO] IPUIPlugin:80 - create IPUIPlugin
2025-01-23 09:19:14,005 [INFO] PluginManager:220 - loadIPPluginJar : add fatfs
2025-01-23 09:19:14,008 [INFO] IPUIPlugin:80 - create IPUIPlugin
2025-01-23 09:19:14,008 [INFO] PluginManager:220 - loadIPPluginJar : add fmc
2025-01-23 09:19:14,013 [INFO] IPUIPlugin:80 - create IPUIPlugin
2025-01-23 09:19:14,013 [INFO] PluginManager:220 - loadIPPluginJar : add freertos
2025-01-23 09:19:14,014 [INFO] IPUIPlugin:80 - create IPUIPlugin
2025-01-23 09:19:14,015 [INFO] PluginManager:220 - loadIPPluginJar : add genericplugin
2025-01-23 09:19:14,016 [INFO] IPUIPlugin:80 - create IPUIPlugin
2025-01-23 09:19:14,016 [INFO] PluginManager:220 - loadIPPluginJar : add gfxmmu
2025-01-23 09:19:14,023 [INFO] IPUIPlugin:80 - create IPUIPlugin
2025-01-23 09:19:14,024 [INFO] PluginManager:220 - loadIPPluginJar : add gic
2025-01-23 09:19:14,028 [INFO] IPUIPlugin:80 - create IPUIPlugin
2025-01-23 09:19:14,028 [INFO] PluginManager:220 - loadIPPluginJar : add gpio
2025-01-23 09:19:14,030 [INFO] IPUIPlugin:80 - create IPUIPlugin
2025-01-23 09:19:14,030 [INFO] PluginManager:220 - loadIPPluginJar : add gtzc
2025-01-23 09:19:14,032 [INFO] IPUIPlugin:80 - create IPUIPlugin
2025-01-23 09:19:14,032 [INFO] PluginManager:220 - loadIPPluginJar : add hash
2025-01-23 09:19:14,033 [INFO] IPUIPlugin:80 - create IPUIPlugin
2025-01-23 09:19:14,033 [INFO] PluginManager:220 - loadIPPluginJar : add i2c
2025-01-23 09:19:14,035 [INFO] IPUIPlugin:80 - create IPUIPlugin
2025-01-23 09:19:14,035 [INFO] PluginManager:220 - loadIPPluginJar : add i2s
2025-01-23 09:19:14,037 [INFO] IPUIPlugin:80 - create IPUIPlugin
2025-01-23 09:19:14,037 [INFO] PluginManager:220 - loadIPPluginJar : add i3c
2025-01-23 09:19:14,038 [INFO] IPUIPlugin:80 - create IPUIPlugin
2025-01-23 09:19:14,039 [INFO] PluginManager:220 - loadIPPluginJar : add ipddr
2025-01-23 09:19:14,043 [INFO] IPUIPlugin:80 - create IPUIPlugin
2025-01-23 09:19:14,043 [INFO] PluginManager:220 - loadIPPluginJar : add linkedlist
2025-01-23 09:19:14,045 [INFO] IPUIPlugin:80 - create IPUIPlugin
2025-01-23 09:19:14,045 [INFO] PluginManager:220 - loadIPPluginJar : add lorawan
2025-01-23 09:19:14,046 [INFO] IPUIPlugin:80 - create IPUIPlugin
2025-01-23 09:19:14,046 [INFO] PluginManager:220 - loadIPPluginJar : add ltdc
2025-01-23 09:19:14,049 [INFO] IPUIPlugin:80 - create IPUIPlugin
2025-01-23 09:19:14,050 [INFO] PluginManager:220 - loadIPPluginJar : add mdma
2025-01-23 09:19:14,052 [INFO] IPUIPlugin:80 - create IPUIPlugin
2025-01-23 09:19:14,052 [INFO] PluginManager:220 - loadIPPluginJar : add nvic
2025-01-23 09:19:14,054 [INFO] IPUIPlugin:80 - create IPUIPlugin
2025-01-23 09:19:14,054 [INFO] PluginManager:220 - loadIPPluginJar : add opamp
2025-01-23 09:19:14,056 [INFO] IPUIPlugin:80 - create IPUIPlugin
2025-01-23 09:19:14,056 [INFO] PluginManager:220 - loadIPPluginJar : add openamp
2025-01-23 09:19:14,058 [INFO] IPUIPlugin:80 - create IPUIPlugin
2025-01-23 09:19:14,058 [INFO] PluginManager:220 - loadIPPluginJar : add pdm2pcm
2025-01-23 09:19:14,062 [INFO] IPUIPlugin:80 - create IPUIPlugin
2025-01-23 09:19:14,063 [INFO] PluginManager:220 - loadIPPluginJar : add plateformsettings
2025-01-23 09:19:14,064 [INFO] IPUIPlugin:80 - create IPUIPlugin
2025-01-23 09:19:14,064 [INFO] PluginManager:220 - loadIPPluginJar : add quadspi
2025-01-23 09:19:14,067 [INFO] IPUIPlugin:80 - create IPUIPlugin
2025-01-23 09:19:14,067 [INFO] PluginManager:220 - loadIPPluginJar : add resmgrutility
2025-01-23 09:19:14,068 [INFO] IPUIPlugin:80 - create IPUIPlugin
2025-01-23 09:19:14,068 [INFO] PluginManager:220 - loadIPPluginJar : add sai
2025-01-23 09:19:14,070 [INFO] IPUIPlugin:80 - create IPUIPlugin
2025-01-23 09:19:14,070 [INFO] PluginManager:220 - loadIPPluginJar : add spi
2025-01-23 09:19:14,073 [INFO] IPUIPlugin:80 - create IPUIPlugin
2025-01-23 09:19:14,073 [INFO] PluginManager:220 - loadIPPluginJar : add stm32_wpan
2025-01-23 09:19:14,074 [INFO] IPUIPlugin:80 - create IPUIPlugin
2025-01-23 09:19:14,074 [INFO] PluginManager:220 - loadIPPluginJar : add tim
2025-01-23 09:19:14,076 [INFO] IPUIPlugin:80 - create IPUIPlugin
2025-01-23 09:19:14,076 [INFO] PluginManager:220 - loadIPPluginJar : add touchsensing
2025-01-23 09:19:14,078 [INFO] IPUIPlugin:80 - create IPUIPlugin
2025-01-23 09:19:14,078 [INFO] PluginManager:220 - loadIPPluginJar : add tracer_emb
2025-01-23 09:19:14,079 [INFO] IPUIPlugin:80 - create IPUIPlugin
2025-01-23 09:19:14,079 [INFO] PluginManager:220 - loadIPPluginJar : add ts
2025-01-23 09:19:14,080 [INFO] IPUIPlugin:80 - create IPUIPlugin
2025-01-23 09:19:14,080 [INFO] PluginManager:220 - loadIPPluginJar : add tsc
2025-01-23 09:19:14,082 [INFO] IPUIPlugin:80 - create IPUIPlugin
2025-01-23 09:19:14,082 [INFO] PluginManager:220 - loadIPPluginJar : add ucpd
2025-01-23 09:19:14,083 [INFO] IPUIPlugin:80 - create IPUIPlugin
2025-01-23 09:19:14,084 [INFO] PluginManager:220 - loadIPPluginJar : add usart
2025-01-23 09:19:14,085 [INFO] IPUIPlugin:80 - create IPUIPlugin
2025-01-23 09:19:14,086 [INFO] PluginManager:220 - loadIPPluginJar : add usbx
2025-01-23 09:19:14,193 [INFO] CADModel:165 - CPN selected for project level
2025-01-23 09:19:14,194 [INFO] CADModel:114 - Register for checkConnection events
2025-01-23 09:19:14,194 [FATAL] Updater:308 - Updater called before beeing initialized
2025-01-23 09:19:14,195 [ERROR] CADModel:125 - Updater not yet initialized, retry later 
2025-01-23 09:19:14,275 [INFO] CADModel:165 - CPN selected for project level
2025-01-23 09:19:14,276 [INFO] CADModel:114 - Register for checkConnection events
2025-01-23 09:19:14,276 [FATAL] Updater:308 - Updater called before beeing initialized
2025-01-23 09:19:14,276 [ERROR] CADModel:125 - Updater not yet initialized, retry later 
2025-01-23 09:19:14,277 [FATAL] Updater:308 - Updater called before beeing initialized
2025-01-23 09:19:14,343 [FATAL] Updater:308 - Updater called before beeing initialized
2025-01-23 09:19:14,345 [INFO] DbMcusAds:53 - JSON generation date=Wed Dec 18 01:01:15 KST 2024 (1734451275196)
2025-01-23 09:19:14,346 [FATAL] Updater:308 - Updater called before beeing initialized
2025-01-23 09:19:14,368 [WARN] DetailPanel:346 - Failed to get advertising image, set to default
2025-01-23 09:19:14,421 [FATAL] Updater:308 - Updater called before beeing initialized
2025-01-23 09:19:14,422 [FATAL] Updater:308 - Updater called before beeing initialized
2025-01-23 09:19:14,422 [FATAL] Updater:308 - Updater called before beeing initialized
2025-01-23 09:19:14,422 [WARN] DetailPanel:346 - Failed to get advertising image, set to default
2025-01-23 09:19:14,422 [FATAL] Updater:308 - Updater called before beeing initialized
2025-01-23 09:19:14,449 [ERROR] Updater:1120 - MainUpdater not yet initialized. External WinMGr cannot be set.
2025-01-23 09:19:14,451 [INFO] Updater:1056 - Updater Version found : 6.10.0
2025-01-23 09:19:14,464 [INFO] ApplicationProperties:184 - Using Application install path: C:\ST\STM32CubeIDE_1.14.1\STM32CubeIDE\plugins\com.st.stm32cube.common.mx_6.10.0.202311202037
2025-01-23 09:19:14,749 [INFO] MainUpdater:2873 - connection check result : 10
2025-01-23 09:19:14,750 [INFO] MainUpdater:290 - Updater Check For Update Now.
2025-01-23 09:19:14,750 [INFO] MicroXplorer:498 - Change Database Version : DB.6.0.100
2025-01-23 09:19:14,758 [INFO] McuFinderGlobals:63 - Set McuFinder mode to 2 (CubeIDE integrated)
2025-01-23 09:19:14,917 [INFO] CheckServerUpdateThread:120 - End of CheckServer Thread
2025-01-23 09:19:15,077 [INFO] UserAuth:404 - Internet connection configuration mode: 1
2025-01-23 09:19:15,087 [INFO] JxBrowserEngine:152 - Initiate JxBrowser Engine with user profile folder
2025-01-23 09:19:15,758 [INFO] WebApp:161 - Instantiating new browser for Auth
2025-01-23 09:19:16,120 [INFO] WebApp:780 - Register for checkConnection events
2025-01-23 09:19:16,120 [INFO] WebApp:414 - Apply proxy settings
2025-01-23 09:19:16,120 [INFO] WebApp:499 - Chromium requires no authentication
2025-01-23 09:19:16,124 [INFO] WebApp:442 - Direct internet connection detected
2025-01-23 09:19:16,217 [INFO] WebApp:192 - Starting web application
2025-01-23 09:19:16,217 [INFO] WebApp:544 - Web application path used C:\ST\STM32CubeIDE_1.14.1\STM32CubeIDE\plugins\com.st.stm32cube.common.mx_6.10.0.202311202037\db\plugins\mcufinder\reactClient1\index.html
2025-01-23 09:19:16,869 [WARN] PackLoader:240 - Cannot read IP mode file for STMicroelectronics.FP-SNS-MOTENVWB1.1.4.0
2025-01-23 09:19:16,873 [WARN] PackLoader:240 - Cannot read IP mode file for STMicroelectronics.FP-ATR-ASTRA1.2.0.1
2025-01-23 09:19:16,877 [WARN] PackLoader:240 - Cannot read IP mode file for STMicroelectronics.X-CUBE-SMBUS.2.1.0
2025-01-23 09:19:16,882 [WARN] PackLoader:240 - Cannot read IP mode file for STMicroelectronics.X-CUBE-WB05N.1.1.0
2025-01-23 09:19:16,899 [WARN] PackLoader:240 - Cannot read IP mode file for STMicroelectronics.X-CUBE-AZRTOS-F7.1.1.0
2025-01-23 09:19:16,931 [WARN] PackLoader:240 - Cannot read IP mode file for STMicroelectronics.X-CUBE-MEMS1.11.0.0
2025-01-23 09:19:17,029 [WARN] PackLoader:240 - Cannot read IP mode file for STMicroelectronics.FP-SNS-FLIGHT1.5.0.2
2025-01-23 09:19:17,035 [WARN] PackLoader:240 - Cannot read IP mode file for STMicroelectronics.X-CUBE-DISPLAY.3.0.0
2025-01-23 09:19:17,040 [WARN] PackLoader:240 - Cannot read IP mode file for STMicroelectronics.X-CUBE-BLE1.7.0.0
2025-01-23 09:19:17,044 [WARN] PackLoader:240 - Cannot read IP mode file for STMicroelectronics.X-CUBE-NFC10.1.0.0
2025-01-23 09:19:17,051 [WARN] PackLoader:240 - Cannot read IP mode file for STMicroelectronics.X-CUBE-BLEMGR.4.0.0
2025-01-23 09:19:17,058 [WARN] PackLoader:240 - Cannot read IP mode file for emotas.I-CUBE-CANOPEN.1.3.0
2025-01-23 09:19:17,063 [WARN] PackLoader:240 - Cannot read IP mode file for STMicroelectronics.X-CUBE-BLEMGR.3.1.0
2025-01-23 09:19:17,068 [WARN] PackLoader:240 - Cannot read IP mode file for STMicroelectronics.FP-SNS-SMARTAG2.1.2.0
2025-01-23 09:19:17,098 [WARN] PackLoader:240 - Cannot read IP mode file for STMicroelectronics.X-CUBE-MEMS1.11.1.0
2025-01-23 09:19:17,161 [INFO] LogOutputStream:77 - [STDOUT_REDIRECT] 1 : Invalid condition id : UX_CORESTACK_Condition cause : null
2025-01-23 09:19:17,161 [INFO] LogOutputStream:77 - [STDOUT_REDIRECT] 1 : Invalid condition id : UX_CORESTACK_Condition cause : null
2025-01-23 09:19:17,163 [INFO] LogOutputStream:77 - [STDOUT_REDIRECT] 1 : Invalid condition id : UX_CORESTACK_Condition cause : null
2025-01-23 09:19:17,165 [INFO] LogOutputStream:77 - [STDOUT_REDIRECT] 1 : Invalid condition id : UX_CORESTACK_Condition cause : null
2025-01-23 09:19:17,166 [INFO] LogOutputStream:77 - [STDOUT_REDIRECT] 1 : Invalid condition id : UX_CORESTACK_Condition cause : null
2025-01-23 09:19:17,168 [WARN] PackLoader:240 - Cannot read IP mode file for STMicroelectronics.X-CUBE-AZRTOS-WL.2.0.0
2025-01-23 09:19:17,173 [WARN] PackLoader:240 - Cannot read IP mode file for STMicroelectronics.FP-SNS-MOTENV1.5.0.0
2025-01-23 09:19:17,185 [WARN] PackLoader:240 - Cannot read IP mode file for wolfSSL.I-CUBE-wolfMQTT.1.19.0
2025-01-23 09:19:17,194 [WARN] PackLoader:240 - Cannot read IP mode file for WES.I-CUBE-Cesium.1.3.0
2025-01-23 09:19:17,198 [WARN] PackLoader:240 - Cannot read IP mode file for STMicroelectronics.X-CUBE-BLE2.3.3.0
2025-01-23 09:19:17,202 [WARN] PackLoader:240 - Cannot read IP mode file for STMicroelectronics.X-CUBE-NFC9.1.0.0
2025-01-23 09:19:17,207 [WARN] PackLoader:240 - Cannot read IP mode file for STMicroelectronics.X-CUBE-TCPP.4.1.0
2025-01-23 09:19:17,215 [WARN] PackLoader:240 - Cannot read IP mode file for STMicroelectronics.X-CUBE-AZRTOS-G0.1.1.0
2025-01-23 09:19:17,220 [WARN] PackLoader:240 - Cannot read IP mode file for STMicroelectronics.X-CUBE-SAFEA1.1.2.2
2025-01-23 09:19:17,224 [WARN] PackLoader:240 - Cannot read IP mode file for STMicroelectronics.X-CUBE-NFC4.3.0.0
2025-01-23 09:19:17,230 [WARN] PackLoader:240 - Cannot read IP mode file for EmbeddedOffice.I-CUBE-FS-RTOS.1.0.1
2025-01-23 09:19:17,230 [ERROR] ConditionMgr:805 - Attr not supported : Dmpu
2025-01-23 09:19:17,230 [ERROR] ConditionMgr:805 - Attr not supported : Dmpu
2025-01-23 09:19:17,230 [ERROR] ConditionMgr:805 - Attr not supported : Dmpu
2025-01-23 09:19:17,230 [ERROR] ConditionMgr:805 - Attr not supported : Dmpu
2025-01-23 09:19:17,230 [ERROR] ConditionMgr:805 - Attr not supported : Dmpu
2025-01-23 09:19:17,230 [ERROR] ConditionMgr:805 - Attr not supported : Dmpu
2025-01-23 09:19:17,230 [ERROR] ConditionMgr:805 - Attr not supported : Dmpu
2025-01-23 09:19:17,230 [ERROR] ConditionMgr:805 - Attr not supported : Dmpu
2025-01-23 09:19:17,230 [ERROR] ConditionMgr:805 - Attr not supported : Dmpu
2025-01-23 09:19:17,230 [ERROR] ConditionMgr:805 - Attr not supported : Dmpu
2025-01-23 09:19:17,231 [ERROR] ConditionMgr:805 - Attr not supported : Dmpu
2025-01-23 09:19:17,231 [ERROR] ConditionMgr:805 - Attr not supported : Dmpu
2025-01-23 09:19:17,231 [ERROR] ConditionMgr:805 - Attr not supported : Dmpu
2025-01-23 09:19:17,231 [ERROR] ConditionMgr:805 - Attr not supported : Dmpu
2025-01-23 09:19:17,231 [ERROR] ConditionMgr:805 - Attr not supported : Dmpu
2025-01-23 09:19:17,231 [ERROR] ConditionMgr:805 - Attr not supported : Dmpu
2025-01-23 09:19:17,231 [ERROR] ConditionMgr:805 - Attr not supported : Dmpu
2025-01-23 09:19:17,231 [ERROR] ConditionMgr:805 - Attr not supported : Dmpu
2025-01-23 09:19:17,231 [ERROR] ConditionMgr:805 - Attr not supported : Dmpu
2025-01-23 09:19:17,231 [ERROR] ConditionMgr:805 - Attr not supported : Dmpu
2025-01-23 09:19:17,231 [ERROR] ConditionMgr:805 - Attr not supported : Dmpu
2025-01-23 09:19:17,231 [ERROR] ConditionMgr:805 - Attr not supported : Dmpu
2025-01-23 09:19:17,231 [ERROR] ConditionMgr:805 - Attr not supported : Dmpu
2025-01-23 09:19:17,231 [ERROR] ConditionMgr:805 - Attr not supported : Dmpu
2025-01-23 09:19:17,231 [ERROR] ConditionMgr:805 - Attr not supported : Dmpu
2025-01-23 09:19:17,231 [ERROR] ConditionMgr:805 - Attr not supported : Dmpu
2025-01-23 09:19:17,231 [ERROR] ConditionMgr:805 - Attr not supported : Dmpu
2025-01-23 09:19:17,231 [ERROR] ConditionMgr:805 - Attr not supported : Dmpu
2025-01-23 09:19:17,231 [ERROR] ConditionMgr:805 - Attr not supported : Dmpu
2025-01-23 09:19:17,231 [ERROR] ConditionMgr:805 - Attr not supported : Dmpu
2025-01-23 09:19:17,231 [ERROR] ConditionMgr:805 - Attr not supported : Dmpu
2025-01-23 09:19:17,231 [ERROR] ConditionMgr:805 - Attr not supported : Dmpu
2025-01-23 09:19:17,231 [ERROR] ConditionMgr:805 - Attr not supported : Dmpu
2025-01-23 09:19:17,231 [ERROR] ConditionMgr:805 - Attr not supported : Dmpu
2025-01-23 09:19:17,231 [ERROR] ConditionMgr:805 - Attr not supported : Dmpu
2025-01-23 09:19:17,231 [ERROR] ConditionMgr:805 - Attr not supported : Dmpu
2025-01-23 09:19:17,231 [ERROR] ConditionMgr:805 - Attr not supported : Dmpu
2025-01-23 09:19:17,231 [ERROR] ConditionMgr:805 - Attr not supported : Dmpu
2025-01-23 09:19:17,232 [ERROR] ConditionMgr:805 - Attr not supported : Dmpu
2025-01-23 09:19:17,232 [ERROR] ConditionMgr:805 - Attr not supported : Dmpu
2025-01-23 09:19:17,232 [ERROR] ConditionMgr:805 - Attr not supported : Dmpu
2025-01-23 09:19:17,232 [ERROR] ConditionMgr:805 - Attr not supported : Dmpu
2025-01-23 09:19:17,232 [ERROR] ConditionMgr:805 - Attr not supported : Dmpu
2025-01-23 09:19:17,232 [ERROR] ConditionMgr:805 - Attr not supported : Dmpu
2025-01-23 09:19:17,232 [ERROR] ConditionMgr:805 - Attr not supported : Dmpu
2025-01-23 09:19:17,232 [ERROR] ConditionMgr:805 - Attr not supported : Dmpu
2025-01-23 09:19:17,232 [ERROR] ConditionMgr:805 - Attr not supported : Dmpu
2025-01-23 09:19:17,232 [ERROR] ConditionMgr:805 - Attr not supported : Dmpu
2025-01-23 09:19:17,232 [ERROR] ConditionMgr:805 - Attr not supported : Dmpu
2025-01-23 09:19:17,232 [ERROR] ConditionMgr:805 - Attr not supported : Dmpu
2025-01-23 09:19:17,232 [ERROR] ConditionMgr:805 - Attr not supported : Dmpu
2025-01-23 09:19:17,232 [ERROR] ConditionMgr:805 - Attr not supported : Dmpu
2025-01-23 09:19:17,232 [ERROR] ConditionMgr:805 - Attr not supported : Dmpu
2025-01-23 09:19:17,232 [ERROR] ConditionMgr:805 - Attr not supported : Dmpu
2025-01-23 09:19:17,232 [ERROR] ConditionMgr:805 - Attr not supported : Dmpu
2025-01-23 09:19:17,232 [ERROR] ConditionMgr:805 - Attr not supported : Dmpu
2025-01-23 09:19:17,232 [ERROR] ConditionMgr:805 - Attr not supported : Dmpu
2025-01-23 09:19:17,232 [ERROR] ConditionMgr:805 - Attr not supported : Dmpu
2025-01-23 09:19:17,232 [ERROR] ConditionMgr:805 - Attr not supported : Dmpu
2025-01-23 09:19:17,232 [ERROR] ConditionMgr:805 - Attr not supported : Dmpu
2025-01-23 09:19:17,232 [ERROR] ConditionMgr:805 - Attr not supported : Dmpu
2025-01-23 09:19:17,232 [ERROR] ConditionMgr:805 - Attr not supported : Dmpu
2025-01-23 09:19:17,232 [ERROR] ConditionMgr:805 - Attr not supported : Dmpu
2025-01-23 09:19:17,232 [ERROR] ConditionMgr:805 - Attr not supported : Dmpu
2025-01-23 09:19:17,235 [ERROR] Engine:466 - C:\Users\user\.stm32cubemx\thirdparties\pdsc\STMicroelectronics.X-CUBE-TCPP.4.2.0.pdsc: PDSC version is not supported
2025-01-23 09:19:17,238 [WARN] PackLoader:240 - Cannot read IP mode file for RealThread.X-CUBE-RT-Thread_Nano.4.1.1
2025-01-23 09:19:17,241 [WARN] PackLoader:240 - Cannot read IP mode file for wolfSSL.I-CUBE-wolfSSL.5.7.0
2025-01-23 09:19:17,244 [WARN] PackLoader:240 - Cannot read IP mode file for STMicroelectronics.FP-ATR-SIGFOX1.3.2.0
2025-01-23 09:19:17,247 [WARN] ConditionMgr:438 - getConditionDescription Invalid condition id : Cortex-A Device cause : null
2025-01-23 09:19:17,256 [WARN] ConditionMgr:1039 - genDependencies : Invalid condition id : Cortex-A Device cause : null
2025-01-23 09:19:17,256 [WARN] ConditionMgr:1039 - genDependencies : Invalid condition id : Cortex-A Device cause : null
2025-01-23 09:19:17,256 [WARN] ConditionMgr:1039 - genDependencies : Invalid condition id : Cortex-A Device cause : null
2025-01-23 09:19:17,260 [WARN] PackLoader:240 - Cannot read IP mode file for STMicroelectronics.X-CUBE-EEPRMA1.5.1.0
2025-01-23 09:19:17,266 [WARN] PackLoader:240 - Cannot read IP mode file for ITTIA_DB.I-CUBE-ITTIADB.8.9.0
2025-01-23 09:19:17,285 [WARN] PackLoader:240 - Cannot read IP mode file for SEGGER.I-CUBE-embOS.1.3.1
2025-01-23 09:19:17,314 [WARN] PackLoader:240 - Cannot read IP mode file for STMicroelectronics.X-CUBE-ALGOBUILD.1.4.0
2025-01-23 09:19:17,318 [WARN] PackLoader:240 - Cannot read IP mode file for STMicroelectronics.X-CUBE-AI.9.1.0
2025-01-23 09:19:17,322 [WARN] PackLoader:240 - Cannot read IP mode file for STMicroelectronics.X-CUBE-GNSS1.6.0.0
2025-01-23 09:19:17,330 [WARN] PackLoader:240 - Cannot read IP mode file for STMicroelectronics.X-CUBE-AZRTOS-F4.1.1.0
2025-01-23 09:19:17,335 [WARN] PackLoader:240 - Cannot read IP mode file for STMicroelectronics.X-CUBE-ISPU.2.1.0
2025-01-23 09:19:17,338 [WARN] PackLoader:240 - Cannot read IP mode file for STMicroelectronics.X-CUBE-FREERTOS.1.2.0
2025-01-23 09:19:17,346 [WARN] PackLoader:240 - Cannot read IP mode file for STMicroelectronics.X-CUBE-AZRTOS-L5.2.0.0
2025-01-23 09:19:17,352 [WARN] PackLoader:240 - Cannot read IP mode file for STMicroelectronics.X-CUBE-NFC6.3.1.0
2025-01-23 09:19:17,356 [WARN] PackLoader:240 - Cannot read IP mode file for STMicroelectronics.X-CUBE-DPower.1.2.0
2025-01-23 09:19:17,359 [WARN] PackLoader:240 - Cannot read IP mode file for STMicroelectronics.X-CUBE-AI.9.0.0
2025-01-23 09:19:17,363 [WARN] PackLoader:240 - Cannot read IP mode file for STMicroelectronics.X-CUBE-FREERTOS.1.3.0
2025-01-23 09:19:17,367 [WARN] PackLoader:240 - Cannot read IP mode file for STMicroelectronics.X-CUBE-NFC7.1.0.1
2025-01-23 09:19:17,370 [WARN] PackLoader:240 - Cannot read IP mode file for wolfSSL.I-CUBE-wolfTPM.3.2.0
2025-01-23 09:19:17,378 [WARN] ConditionMgr:438 - getConditionDescription Invalid condition id : LAN8742 Phy interface Condition cause : null
2025-01-23 09:19:17,378 [WARN] PackLoader:240 - Cannot read IP mode file for STMicroelectronics.X-CUBE-AZRTOS-L4.2.0.0
2025-01-23 09:19:17,379 [WARN] ConditionMgr:1039 - genDependencies : Invalid condition id : LAN8742 Phy interface Condition cause : null
2025-01-23 09:19:17,379 [WARN] ConditionMgr:1039 - genDependencies : Invalid condition id : LAN8742 Phy interface Condition cause : null
2025-01-23 09:19:17,379 [WARN] ConditionMgr:1039 - genDependencies : Invalid condition id : LAN8742 Phy interface Condition cause : null
2025-01-23 09:19:17,384 [WARN] PackLoader:240 - Cannot read IP mode file for STMicroelectronics.X-CUBE-SFXS2LP1.4.0.0
2025-01-23 09:19:17,397 [WARN] PackLoader:240 - Cannot read IP mode file for STMicroelectronics.X-CUBE-AZRTOS-H7.3.3.0
2025-01-23 09:19:17,405 [WARN] PackLoader:240 - Cannot read IP mode file for STMicroelectronics.X-CUBE-IPS.3.0.0
2025-01-23 09:19:17,414 [WARN] ConditionMgr:438 - getConditionDescription Invalid condition id : UX DEVICE CLASS RTOS Condition cause : null
2025-01-23 09:19:17,414 [WARN] ConditionMgr:438 - getConditionDescription Invalid condition id : UX DEVICE CLASS RTOS Condition cause : null
2025-01-23 09:19:17,419 [WARN] PackLoader:240 - Cannot read IP mode file for STMicroelectronics.X-CUBE-AZRTOS-WB.2.0.0
2025-01-23 09:19:17,420 [WARN] ConditionMgr:1039 - genDependencies : Invalid condition id : UX DEVICE CLASS RTOS Condition cause : null
2025-01-23 09:19:17,420 [WARN] ConditionMgr:1039 - genDependencies : Invalid condition id : UX DEVICE CLASS RTOS Condition cause : null
2025-01-23 09:19:17,420 [WARN] ConditionMgr:1039 - genDependencies : Invalid condition id : UX DEVICE CLASS RTOS Condition cause : null
2025-01-23 09:19:17,420 [WARN] ConditionMgr:1039 - genDependencies : Invalid condition id : UX DEVICE CLASS RTOS Condition cause : null
2025-01-23 09:19:17,420 [WARN] ConditionMgr:1039 - genDependencies : Invalid condition id : UX DEVICE CLASS RTOS Condition cause : null
2025-01-23 09:19:17,426 [WARN] PackLoader:240 - Cannot read IP mode file for STMicroelectronics.X-CUBE-GNSS1.7.0.0
2025-01-23 09:19:17,432 [WARN] PackLoader:240 - Cannot read IP mode file for STMicroelectronics.X-CUBE-GNSS1.7.0.1
2025-01-23 09:19:17,437 [WARN] PackLoader:240 - Cannot read IP mode file for STMicroelectronics.FP-SNS-STBOX1.2.0.0
2025-01-23 09:19:17,445 [WARN] PackLoader:240 - Cannot read IP mode file for STMicroelectronics.X-CUBE-SUBG2.5.0.0
2025-01-23 09:19:17,451 [WARN] PackLoader:240 - Cannot read IP mode file for Cesanta.I-CUBE-Mongoose.7.13.0
2025-01-23 09:19:17,458 [WARN] PackLoader:240 - Cannot read IP mode file for STMicroelectronics.X-CUBE-AZRTOS-G4.2.0.0
2025-01-23 09:19:17,462 [WARN] PackLoader:240 - Cannot read IP mode file for STMicroelectronics.X-CUBE-ISPU.2.0.0
2025-01-23 09:19:17,465 [ERROR] Engine:466 - C:\Users\user\.stm32cubemx\thirdparties\pdsc\STMicroelectronics.X-CUBE-IPS.3.1.0.pdsc: PDSC version is not supported
2025-01-23 09:19:17,468 [WARN] PackLoader:240 - Cannot read IP mode file for STMicroelectronics.X-CUBE-ALS.1.0.2
2025-01-23 09:19:17,483 [WARN] PackLoader:240 - Cannot read IP mode file for STMicroelectronics.X-CUBE-MEMS1.10.0.0
2025-01-23 09:19:17,542 [WARN] PackLoader:240 - Cannot read IP mode file for STMicroelectronics.X-CUBE-TOUCHGFX.4.24.0
2025-01-23 09:19:17,544 [WARN] PackLoader:240 - Cannot read IP mode file for STMicroelectronics.X-CUBE-TOUCHGFX.4.24.2
2025-01-23 09:19:17,546 [WARN] PackLoader:240 - Cannot read IP mode file for STMicroelectronics.X-CUBE-TOUCHGFX.4.24.1
2025-01-23 09:19:17,551 [WARN] PackLoader:240 - Cannot read IP mode file for portGmbH.I-Cube-SoM-uGOAL.1.1.0
2025-01-23 09:19:17,558 [WARN] PackLoader:240 - Cannot read IP mode file for STMicroelectronics.X-CUBE-AZRTOS-H7RS.1.0.0
2025-01-23 09:19:17,562 [WARN] PackLoader:240 - Cannot read IP mode file for STMicroelectronics.FP-ATR-ASTRA1.2.0.0
2025-01-23 09:19:17,568 [WARN] PackLoader:240 - Cannot read IP mode file for STMicroelectronics.X-CUBE-TOF1.3.4.2
2025-01-23 09:19:17,577 [WARN] PackLoader:240 - Cannot read IP mode file for STMicroelectronics.X-CUBE-TOF1.3.4.1
2025-01-23 09:19:17,593 [WARN] PackLoader:240 - Cannot read IP mode file for STMicroelectronics.X-CUBE-AZRTOS-H7.3.2.0
2025-01-23 09:19:17,601 [WARN] PackLoader:240 - Cannot read IP mode file for Infineon.AIROC-Wi-Fi-Bluetooth-STM32.1.6.0
2025-01-23 09:19:17,606 [WARN] PackLoader:240 - Cannot read IP mode file for wolfSSL.I-CUBE-wolfSSH.1.4.17
2025-01-23 09:19:17,606 [INFO] ThirdParty:978 - Integrity check success = true
2025-01-23 09:19:17,606 [INFO] IntegrityCheckThread:100 - exiting critical section [integrity check]
2025-01-23 09:19:17,606 [INFO] IntegrityCheckThread:103 - End integrity checks thread
2025-01-23 09:19:27,636 [INFO] McuFinderGlobals:63 - Set McuFinder mode to 2 (CubeIDE integrated)
2025-01-23 09:19:27,640 [INFO] MainUpdater:2873 - connection check result : 10
2025-01-23 09:19:27,641 [INFO] MainUpdater:2873 - connection check result : 10
2025-01-23 09:19:27,672 [INFO] MicroXplorer:468 - Change Database Path : 
2025-01-23 09:19:27,673 [INFO] MicroXplorer:498 - Change Database Version : DB.6.0.100
2025-01-23 09:19:27,676 [WARN] ThirdParty:871 - waiting for thirdparty lock release [close project]
2025-01-23 09:19:27,676 [INFO] ThirdParty:873 - entering critical section [close project]
2025-01-23 09:19:27,676 [INFO] ThirdParty:883 - exiting critical section [close project]
2025-01-23 09:19:27,678 [INFO] PinOutPanel:1499 - setPackage(No Configuration,No Configuration)
2025-01-23 09:19:27,679 [INFO] UtilMem:75 - Begin LoadConfig() Used Memory: 214173656 Bytes (282066944)
2025-01-23 09:19:27,680 [INFO] MicroXplorer:468 - Change Database Path : 
2025-01-23 09:19:27,680 [INFO] MicroXplorer:498 - Change Database Version : DB.6.0.100
2025-01-23 09:19:27,680 [INFO] OpenFileManager:312 - Change cursor
2025-01-23 09:19:27,694 [INFO] Mcu:2016 - Initializing MCU STM32F411R(C-E)Tx STM32F411RETx STM32F411RET6
2025-01-23 09:19:28,341 [INFO] Context:659 - Trying to add GPIOservice into a context  which must be forbidden
2025-01-23 09:19:28,606 [INFO] RtosManager:555 - Registered RTOS mode: class=CMSIS, group=RTOS, mode=CMSIS_V1, owner=FREERTOS
2025-01-23 09:19:28,606 [INFO] RtosManager:555 - Registered RTOS mode: class=CMSIS, group=RTOS2, mode=CMSIS_V2, owner=FREERTOS
2025-01-23 09:19:28,606 [INFO] RtosManager:555 - Registered RTOS mode: class=RTOS, group=Core, mode=CMSIS_V1, owner=FREERTOS
2025-01-23 09:19:28,606 [INFO] RtosManager:555 - Registered RTOS mode: class=RTOS, group=Core, mode=CMSIS_V2, owner=FREERTOS
2025-01-23 09:19:28,606 [WARN] ModelIntegratedComponent:184 - Missing modes for component STMicroelectronics:FreeRTOS:0.0.1:STMicroelectronics:RTOS:FreeRTOS:Core:::10.2.0:
2025-01-23 09:19:28,612 [WARN] ModelIntegratedComponent:182 - Modes not found for component STMicroelectronics:USB_HOST:1.0.0:STMicroelectronics:USB::USB Host:Audio HS::1.0:USB_HOST_1_0_RESTRICTED_HS
2025-01-23 09:19:28,612 [WARN] ModelIntegratedComponent:188 - Modes not found for component STMicroelectronics:USB_HOST:1.0.0:STMicroelectronics:USB::USB Host:Audio HS::1.0:USB_HOST_1_0_RESTRICTED_HS
2025-01-23 09:19:28,612 [WARN] ModelIntegratedComponent:182 - Modes not found for component STMicroelectronics:USB_HOST:1.0.0:STMicroelectronics:USB::USB Host:CDC HS::1.0:USB_HOST_1_0_RESTRICTED_HS
2025-01-23 09:19:28,612 [WARN] ModelIntegratedComponent:188 - Modes not found for component STMicroelectronics:USB_HOST:1.0.0:STMicroelectronics:USB::USB Host:CDC HS::1.0:USB_HOST_1_0_RESTRICTED_HS
2025-01-23 09:19:28,612 [WARN] ModelIntegratedComponent:182 - Modes not found for component STMicroelectronics:USB_HOST:1.0.0:STMicroelectronics:USB::USB Host:MSC HS::1.0:USB_HOST_1_0_RESTRICTED_HS
2025-01-23 09:19:28,612 [WARN] ModelIntegratedComponent:188 - Modes not found for component STMicroelectronics:USB_HOST:1.0.0:STMicroelectronics:USB::USB Host:MSC HS::1.0:USB_HOST_1_0_RESTRICTED_HS
2025-01-23 09:19:28,612 [WARN] ModelIntegratedComponent:182 - Modes not found for component STMicroelectronics:USB_HOST:1.0.0:STMicroelectronics:USB::USB Host:HID HS::1.0:USB_HOST_1_0_RESTRICTED_HS
2025-01-23 09:19:28,612 [WARN] ModelIntegratedComponent:188 - Modes not found for component STMicroelectronics:USB_HOST:1.0.0:STMicroelectronics:USB::USB Host:HID HS::1.0:USB_HOST_1_0_RESTRICTED_HS
2025-01-23 09:19:28,612 [WARN] ModelIntegratedComponent:182 - Modes not found for component STMicroelectronics:USB_HOST:1.0.0:STMicroelectronics:USB::USB Host:MTP HS::1.0:USB_HOST_1_0_RESTRICTED_HS
2025-01-23 09:19:28,612 [WARN] ModelIntegratedComponent:188 - Modes not found for component STMicroelectronics:USB_HOST:1.0.0:STMicroelectronics:USB::USB Host:MTP HS::1.0:USB_HOST_1_0_RESTRICTED_HS
2025-01-23 09:19:28,616 [WARN] ModelIntegratedComponent:63 - No mode defined for component null
2025-01-23 09:19:28,617 [WARN] ModelIntegratedComponent:63 - No mode defined for component null
2025-01-23 09:19:28,617 [WARN] ModelIntegratedComponent:63 - No mode defined for component null
2025-01-23 09:19:28,617 [WARN] ModelIntegratedComponent:63 - No mode defined for component null
2025-01-23 09:19:28,617 [WARN] ModelIntegratedComponent:63 - No mode defined for component null
2025-01-23 09:19:28,617 [WARN] ModelIntegratedComponent:63 - No mode defined for component null
2025-01-23 09:19:28,617 [WARN] ModelIntegratedComponent:63 - No mode defined for component null
2025-01-23 09:19:28,617 [WARN] ModelIntegratedComponent:63 - No mode defined for component null
2025-01-23 09:19:28,617 [WARN] ModelIntegratedComponent:63 - No mode defined for component null
2025-01-23 09:19:28,617 [WARN] ModelIntegratedComponent:63 - No mode defined for component null
2025-01-23 09:19:28,617 [WARN] ModelIntegratedComponent:63 - No mode defined for component null
2025-01-23 09:19:28,617 [WARN] ModelIntegratedComponent:63 - No mode defined for component null
2025-01-23 09:19:28,617 [WARN] ModelIntegratedComponent:63 - No mode defined for component null
2025-01-23 09:19:28,617 [WARN] ModelIntegratedComponent:63 - No mode defined for component null
2025-01-23 09:19:28,617 [WARN] ModelIntegratedComponent:63 - No mode defined for component null
2025-01-23 09:19:28,617 [WARN] ModelIntegratedComponent:63 - No mode defined for component null
2025-01-23 09:19:28,617 [WARN] ModelIntegratedComponent:63 - No mode defined for component null
2025-01-23 09:19:28,617 [WARN] ModelIntegratedComponent:63 - No mode defined for component null
2025-01-23 09:19:28,617 [WARN] ModelIntegratedComponent:63 - No mode defined for component null
2025-01-23 09:19:28,617 [WARN] ModelIntegratedComponent:63 - No mode defined for component null
2025-01-23 09:19:28,617 [WARN] ModelIntegratedComponent:63 - No mode defined for component null
2025-01-23 09:19:28,617 [WARN] ModelIntegratedComponent:63 - No mode defined for component null
2025-01-23 09:19:28,617 [WARN] ModelIntegratedComponent:63 - No mode defined for component null
2025-01-23 09:19:28,617 [WARN] ModelIntegratedComponent:63 - No mode defined for component null
2025-01-23 09:19:28,617 [WARN] ModelIntegratedComponent:63 - No mode defined for component null
2025-01-23 09:19:28,617 [WARN] ModelIntegratedComponent:63 - No mode defined for component null
2025-01-23 09:19:28,617 [WARN] ModelIntegratedComponent:63 - No mode defined for component null
2025-01-23 09:19:28,618 [WARN] ModelIntegratedComponent:63 - No mode defined for component null
2025-01-23 09:19:28,618 [WARN] ModelIntegratedComponent:63 - No mode defined for component null
2025-01-23 09:19:28,618 [WARN] ModelIntegratedComponent:63 - No mode defined for component null
2025-01-23 09:19:28,618 [WARN] ModelIntegratedComponent:63 - No mode defined for component null
2025-01-23 09:19:28,618 [WARN] ModelIntegratedComponent:63 - No mode defined for component null
2025-01-23 09:19:28,618 [WARN] ModelIntegratedComponent:63 - No mode defined for component null
2025-01-23 09:19:28,692 [WARN] ModelIntegratedComponent:182 - Modes not found for component STMicroelectronics:USB_DEVICE:1.0.0:STMicroelectronics:USB::USB Device:Audio HS::1.0:USB_DEVICE_1_0_RESTRICTED_HS
2025-01-23 09:19:28,693 [WARN] ModelIntegratedComponent:188 - Modes not found for component STMicroelectronics:USB_DEVICE:1.0.0:STMicroelectronics:USB::USB Device:Audio HS::1.0:USB_DEVICE_1_0_RESTRICTED_HS
2025-01-23 09:19:28,693 [WARN] ModelIntegratedComponent:182 - Modes not found for component STMicroelectronics:USB_DEVICE:1.0.0:STMicroelectronics:USB::USB Device:CDC HS::1.0:USB_DEVICE_1_0_RESTRICTED_HS
2025-01-23 09:19:28,693 [WARN] ModelIntegratedComponent:188 - Modes not found for component STMicroelectronics:USB_DEVICE:1.0.0:STMicroelectronics:USB::USB Device:CDC HS::1.0:USB_DEVICE_1_0_RESTRICTED_HS
2025-01-23 09:19:28,693 [WARN] ModelIntegratedComponent:182 - Modes not found for component STMicroelectronics:USB_DEVICE:1.0.0:STMicroelectronics:USB::USB Device:DFU HS::1.0:USB_DEVICE_1_0_RESTRICTED_HS
2025-01-23 09:19:28,693 [WARN] ModelIntegratedComponent:188 - Modes not found for component STMicroelectronics:USB_DEVICE:1.0.0:STMicroelectronics:USB::USB Device:DFU HS::1.0:USB_DEVICE_1_0_RESTRICTED_HS
2025-01-23 09:19:28,693 [WARN] ModelIntegratedComponent:182 - Modes not found for component STMicroelectronics:USB_DEVICE:1.0.0:STMicroelectronics:USB::USB Device:HID HS::1.0:USB_DEVICE_1_0_RESTRICTED_HS
2025-01-23 09:19:28,693 [WARN] ModelIntegratedComponent:188 - Modes not found for component STMicroelectronics:USB_DEVICE:1.0.0:STMicroelectronics:USB::USB Device:HID HS::1.0:USB_DEVICE_1_0_RESTRICTED_HS
2025-01-23 09:19:28,693 [WARN] ModelIntegratedComponent:182 - Modes not found for component STMicroelectronics:USB_DEVICE:1.0.0:STMicroelectronics:USB::USB Device:Custom HID HS::1.0:USB_DEVICE_1_0_RESTRICTED_HS
2025-01-23 09:19:28,693 [WARN] ModelIntegratedComponent:188 - Modes not found for component STMicroelectronics:USB_DEVICE:1.0.0:STMicroelectronics:USB::USB Device:Custom HID HS::1.0:USB_DEVICE_1_0_RESTRICTED_HS
2025-01-23 09:19:28,693 [WARN] ModelIntegratedComponent:182 - Modes not found for component STMicroelectronics:USB_DEVICE:1.0.0:STMicroelectronics:USB::USB Device:MSC HS::1.0:USB_DEVICE_1_0_RESTRICTED_HS
2025-01-23 09:19:28,693 [WARN] ModelIntegratedComponent:188 - Modes not found for component STMicroelectronics:USB_DEVICE:1.0.0:STMicroelectronics:USB::USB Device:MSC HS::1.0:USB_DEVICE_1_0_RESTRICTED_HS
2025-01-23 09:19:28,710 [INFO] ThirdPartyModel:298 - Start build external matchings
2025-01-23 09:19:29,065 [INFO] ThirdPartyModel:316 - End build external matchings
2025-01-23 09:19:29,078 [INFO] ImportTextPane:194 - (OptionalMessage_ERROR) IP (DMA) : Parameter (Instance) has Id (USART1_RX) currently not set
2025-01-23 09:19:29,078 [INFO] ImportTextPane:194 - (OptionalMessage_ERROR) IP (DMA) : Parameter (Channel) has Id (USART1_RX) currently not set
2025-01-23 09:19:29,078 [INFO] ImportTextPane:194 - (OptionalMessage_ERROR) IP (DMA) : Parameter (Direction) has Id (USART1_RX) currently not set
2025-01-23 09:19:29,078 [INFO] ImportTextPane:194 - (OptionalMessage_ERROR) IP (DMA) : Parameter (PeriphInc) has Id (USART1_RX) currently not set
2025-01-23 09:19:29,078 [INFO] ImportTextPane:194 - (OptionalMessage_ERROR) IP (DMA) : Parameter (MemInc) has Id (USART1_RX) currently not set
2025-01-23 09:19:29,078 [INFO] ImportTextPane:194 - (OptionalMessage_ERROR) IP (DMA) : Parameter (PeriphDataAlignment) has Id (USART1_RX) currently not set
2025-01-23 09:19:29,078 [INFO] ImportTextPane:194 - (OptionalMessage_ERROR) IP (DMA) : Parameter (MemDataAlignment) has Id (USART1_RX) currently not set
2025-01-23 09:19:29,078 [INFO] ImportTextPane:194 - (OptionalMessage_ERROR) IP (DMA) : Parameter (Mode) has Id (USART1_RX) currently not set
2025-01-23 09:19:29,078 [INFO] ImportTextPane:194 - (OptionalMessage_ERROR) IP (DMA) : Parameter (Priority) has Id (USART1_RX) currently not set
2025-01-23 09:19:29,078 [INFO] ImportTextPane:194 - (OptionalMessage_ERROR) IP (DMA) : Parameter (FIFOMode) has Id (USART1_RX) currently not set
2025-01-23 09:19:29,078 [INFO] ImportTextPane:194 - (OptionalMessage_ERROR) IP (DMA) : Parameter (Instance) has Id (USART2_RX) currently not set
2025-01-23 09:19:29,078 [INFO] ImportTextPane:194 - (OptionalMessage_ERROR) IP (DMA) : Parameter (Channel) has Id (USART2_RX) currently not set
2025-01-23 09:19:29,078 [INFO] ImportTextPane:194 - (OptionalMessage_ERROR) IP (DMA) : Parameter (Direction) has Id (USART2_RX) currently not set
2025-01-23 09:19:29,078 [INFO] ImportTextPane:194 - (OptionalMessage_ERROR) IP (DMA) : Parameter (PeriphInc) has Id (USART2_RX) currently not set
2025-01-23 09:19:29,079 [INFO] ImportTextPane:194 - (OptionalMessage_ERROR) IP (DMA) : Parameter (MemInc) has Id (USART2_RX) currently not set
2025-01-23 09:19:29,079 [INFO] ImportTextPane:194 - (OptionalMessage_ERROR) IP (DMA) : Parameter (PeriphDataAlignment) has Id (USART2_RX) currently not set
2025-01-23 09:19:29,079 [INFO] ImportTextPane:194 - (OptionalMessage_ERROR) IP (DMA) : Parameter (MemDataAlignment) has Id (USART2_RX) currently not set
2025-01-23 09:19:29,079 [INFO] ImportTextPane:194 - (OptionalMessage_ERROR) IP (DMA) : Parameter (Mode) has Id (USART2_RX) currently not set
2025-01-23 09:19:29,079 [INFO] ImportTextPane:194 - (OptionalMessage_ERROR) IP (DMA) : Parameter (Priority) has Id (USART2_RX) currently not set
2025-01-23 09:19:29,079 [INFO] ImportTextPane:194 - (OptionalMessage_ERROR) IP (DMA) : Parameter (FIFOMode) has Id (USART2_RX) currently not set
2025-01-23 09:19:29,079 [INFO] ImportTextPane:194 - (OptionalMessage_ERROR) IP (RCC) : Parameter (48MHZClocksFreq_Value) has invalid value (84000000)
2025-01-23 09:19:29,081 [INFO] ImportTextPane:194 - (OptionalMessage_ERROR) IP (RCC) : Parameter (FLatency) has Id (AdvancedSettings) currently not set
2025-01-23 09:19:29,081 [INFO] ImportTextPane:194 - (OptionalMessage_ERROR) IP (RCC) : Parameter (RTCHSEDivFreq_Value) has invalid value (4000000)
2025-01-23 09:19:29,278 [INFO] UtilMem:75 - End LoadConfig() Used Memory: 204909224 Bytes (318767104)
2025-01-23 09:19:29,370 [INFO] ApiDb:581 - Connected to CubeFinder SQLite database (C:\Users\user\.stmcufinder\plugins\mcufinder\mcu\cube-finder-db.db)
2025-01-23 09:19:29,421 [INFO] ApiDb:668 - CubeFinder database Data Model version=2.1
2025-01-23 09:19:29,421 [INFO] ApiDb:669 - CubeFinder database Configuration version=3.0.39
2025-01-23 09:19:29,421 [INFO] ApiDb:670 - CubeFinder database generation date=2024-12-10 (1733817889)
2025-01-23 09:19:29,422 [INFO] ApiDb:671 - CubeFinder database FW Pack versions=[FP-ATR-ASTRA1_V2.0.0, FP-SNS-FLIGHT1_V5.0.2, FP-SNS-MOTENV1_V5.0.0, FP-SNS-MOTENVWB1_V1.4.0, FP-SNS-SMARTAG2_V1.2.0, FP-SNS-STBOX1_V2.0.0, STM32Cube_FW_C0_V1.3.0, STM32Cube_FW_F4_V1.28.1, STM32Cube_FW_F7_V1.17.2, STM32Cube_FW_G0_V1.6.2, STM32Cube_FW_G4_V1.6.1, STM32Cube_FW_H5_V1.4.0, STM32Cube_FW_H7RS_V1.1.0, STM32Cube_FW_H7_V1.12.0, STM32Cube_FW_L0_V1.12.2, STM32Cube_FW_L4_V1.18.1, STM32Cube_FW_L5_V1.5.1, STM32Cube_FW_N6_V1.0.0, STM32Cube_FW_U0_V1.2.0, STM32Cube_FW_U3_V1.0.0, STM32Cube_FW_U5_V1.7.0, STM32Cube_FW_WB0_V1.1.0, STM32Cube_FW_WBA_V1.5.0, STM32Cube_FW_WB_V1.21.0, STM32Cube_FW_WL3_V1.0.0, STM32Cube_FW_WL_V1.3.0, X-CUBE-ALGOBUILD_V1.4.0, X-CUBE-ALS_V1.0.2, X-CUBE-AZRTOS-F4_V1.1.0, X-CUBE-AZRTOS-F7_V1.1.0, X-CUBE-AZRTOS-G0_V1.1.0, X-CUBE-AZRTOS-G4_V2.0.0, X-CUBE-AZRTOS-H7RS_V1.0.0, X-CUBE-AZRTOS-H7_V3.3.0, X-CUBE-AZRTOS-L4_V2.0.0, X-CUBE-AZRTOS-L5_V2.0.0, X-CUBE-AZRTOS-WB_V2.0.0, X-CUBE-AZRTOS-WL_V2.0.0, X-CUBE-BLE1_V7.0.0, X-CUBE-BLE2_V3.3.0, X-CUBE-BLEMGR_V3.1.0, X-CUBE-EEPRMA1_V5.1.0, X-CUBE-FREERTOS_V1.2.0, X-CUBE-GNSS1_V6.0.0, X-CUBE-MEMS1_V11.0.0, X-CUBE-NFC4_V3.0.0, X-CUBE-NFC7_V1.0.1, X-CUBE-SFXS2LP1_V4.0.0, X-CUBE-SUBG2_V5.0.0, X-CUBE-TOF1_V3.4.2]
2025-01-23 09:19:30,897 [INFO] ApiDb:240 - Found 371 in-development CPN: [B-G473E-ZEST1S, B-WB1M-WPAN1, B-WL5M-SUBG1, NUCLEO-C031C6, NUCLEO-H503RB, NUCLEO-H563ZI, NUCLEO-U545RE-Q, NUCLEO-U5A5ZJ-Q, NUCLEO-WBA52CG, NUCLEO-WBA55CG, STEVAL-MKBOXPRO, STEVAL-PROTEUS1, STEVAL-STWINBX1, STM320518-EVAL, STM32C0116-DK, STM32C011D6Y3TR, STM32C011D6Y6TR, STM32C011F4P3, STM32C011F4P6, STM32C011F4U3, STM32C011F4U6TR, STM32C011F6P3, STM32C011F6P6, STM32C011F6U3, STM32C011F6U6TR, STM32C011J4M3, STM32C011J4M6, STM32C011J6M3, STM32C011J6M6, STM32C0316-DK, STM32C031C4T3, STM32C031C4T6, STM32C031C4U3, STM32C031C4U6, STM32C031C6T3, STM32C031C6T6, STM32C031C6U3, STM32C031C6U6, STM32C031F4P3, STM32C031F4P6, STM32C031F6P3, STM32C031F6P6, STM32C031G4U3, STM32C031G4U6, STM32C031G6U3, STM32C031G6U6, STM32C031K4T3, STM32C031K4T6, STM32C031K4U3, STM32C031K4U6, STM32C031K6T3, STM32C031K6T6, STM32C031K6U3, STM32C031K6U6, STM32G071K8TXN, STM32G071K8UXN, STM32G081GBU6N, STM32G081KBT6N, STM32G081KBUXN, STM32G0B1CCT6N, STM32G0B1KCT6, STM32G0B1NEY6TR, STM32G0B1RCT6N, STM32G0C1CCT6, STM32G0C1CCT6N, STM32G0C1CCU6N, STM32G0C1CET6N, STM32G0C1CEU6N, STM32G0C1KCT6, STM32G0C1NEY6TR, STM32G0C1RCI6N, STM32G0C1RCT6N, STM32G0C1REI6N, STM32G0C1RET6N, STM32G0C1VCI6, STM32G0C1VEI6, STM32G471CCT6, STM32G471CCU6, STM32G471CET3, STM32G471CET6, STM32G471CEU3, STM32G471CEU6, STM32G471MCT6, STM32G471MET3, STM32G471MET6, STM32G471MEY6TR, STM32G471QCT6, STM32G471QET3, STM32G471RCT6, STM32G471RET3, STM32G471RET6, STM32G471VCH6, STM32G471VCI6, STM32G471VCT6, STM32G471VEH3, STM32G471VEH6, STM32G471VEI3, STM32G471VEI6, STM32G471VET3, STM32G471VET6, STM32G474CCT6, STM32H503CBT6, STM32H503CBU6, STM32H503EBY6TR, STM32H503KBU6, STM32H503RBT6, STM32H562AGI6, STM32H562AII6, STM32H562IGK6, STM32H562IGT6, STM32H562IIK6, STM32H562IIT6, STM32H562RGT6, STM32H562RGV6, STM32H562RIT6, STM32H562RIV6, STM32H562VGT6, STM32H562VIT6, STM32H562ZGT6, STM32H562ZIT6, STM32H563AGI6, STM32H563AII3Q, STM32H563AII6, STM32H563IGK6, STM32H563IGT6, STM32H563IIK3Q, STM32H563IIK6, STM32H563IIT3Q, STM32H563IIT6, STM32H563MIY3QTR, STM32H563RGT6, STM32H563RGV6, STM32H563RIT6, STM32H563RIV6, STM32H563VGT6, STM32H563VIT3Q, STM32H563VIT6, STM32H563ZGT6, STM32H563ZIT3Q, STM32H563ZIT6, STM32H573AII3Q, STM32H573AII6, STM32H573I-DK, STM32H573IIK3Q, STM32H573IIK6, STM32H573IIT3Q, STM32H573IIT6, STM32H573MIY3QTR, STM32H573RIT6, STM32H573RIV6, STM32H573VIT3Q, STM32H573VIT6, STM32H573ZIT3Q, STM32H573ZIT6, STM32L4R5QGI6STR, STM32MP131AAE3, STM32MP131AAF3, STM32MP131AAG3, STM32MP131CAE3, STM32MP131CAF3, STM32MP131CAG3, STM32MP131DAE7, STM32MP131DAF7, STM32MP131DAG7, STM32MP131FAE7, STM32MP131FAF7, STM32MP131FAG7, STM32MP133AAE3, STM32MP133AAF3, STM32MP133AAG3, STM32MP133CAE3, STM32MP133CAF3, STM32MP133CAG3, STM32MP133DAE7, STM32MP133DAF7, STM32MP133DAG7, STM32MP133FAE7, STM32MP133FAF7, STM32MP133FAG7, STM32MP135AAE3, STM32MP135AAF3, STM32MP135AAG3, STM32MP135CAE3, STM32MP135CAF3, STM32MP135CAG3, STM32MP135DAE7, STM32MP135DAF7, STM32MP135DAG7, STM32MP135F-DK, STM32MP135FAE7, STM32MP135FAF7, STM32MP135FAF7T, STM32MP135FAF7U, STM32MP135FAG7, STM32U535CBT6, STM32U535CBT6Q, STM32U535CBU6, STM32U535CBU6Q, STM32U535CCT6, STM32U535CCT6Q, STM32U535CCU6, STM32U535CCU6Q, STM32U535CET6, STM32U535CET6Q, STM32U535CEU6, STM32U535CEU6Q, STM32U535JEY6QTR, STM32U535NCY6QTR, STM32U535NEY6QTR, STM32U535RBI6, STM32U535RBI6Q, STM32U535RBT6, STM32U535RBT6Q, STM32U535RCI6, STM32U535RCI6Q, STM32U535RCT6, STM32U535RCT6Q, STM32U535REI6, STM32U535REI6Q, STM32U535RET6, STM32U535RET6Q, STM32U535VCI6, STM32U535VCI6Q, STM32U535VCT6, STM32U535VCT6Q, STM32U535VEI6, STM32U535VEI6Q, STM32U535VET6, STM32U535VET6Q, STM32U545CET6, STM32U545CET6Q, STM32U545CEU6, STM32U545CEU6Q, STM32U545JEY6QTR, STM32U545NEY6QTR, STM32U545REI6, STM32U545REI6Q, STM32U545RET6, STM32U545RET6Q, STM32U545VEI6, STM32U545VEI6Q, STM32U545VET6, STM32U545VET6Q, STM32U595AIH6, STM32U595AIH6Q, STM32U595AJH6, STM32U595AJH6Q, STM32U595QII6, STM32U595QII6Q, STM32U595QJI6, STM32U595QJI6Q, STM32U595RIT6, STM32U595RIT6Q, STM32U595RJT6, STM32U595RJT6Q, STM32U595VIT6, STM32U595VIT6Q, STM32U595VJT6, STM32U595VJT6Q, STM32U595ZIT6, STM32U595ZIT6Q, STM32U595ZIY6QTR, STM32U595ZJT6, STM32U595ZJT6Q, STM32U595ZJY6QTR, STM32U599BJY6QTR, STM32U599NIH6Q, STM32U599NJH6Q, STM32U599VIT6Q, STM32U599VJT6, STM32U599VJT6Q, STM32U599ZIT6Q, STM32U599ZIY6QTR, STM32U599ZJT6Q, STM32U599ZJY6QTR, STM32U5A5AJH6, STM32U5A5AJH6Q, STM32U5A5QJI6, STM32U5A5QJI6Q, STM32U5A5RJT6, STM32U5A5RJT6Q, STM32U5A5VJT6, STM32U5A5VJT6Q, STM32U5A5ZJT6, STM32U5A5ZJT6Q, STM32U5A5ZJY6QTR, STM32U5A9BJY6QTR, STM32U5A9J-DK, STM32U5A9NJH6Q, STM32U5A9VJT6Q, STM32U5A9ZJT6Q, STM32U5A9ZJY6QTR, STM32U5F7VIT6, STM32U5F7VIT6Q, STM32U5F7VJT6, STM32U5F7VJT6Q, STM32U5F9BJY6QTR, STM32U5F9NJH6Q, STM32U5F9VIT6Q, STM32U5F9VJT6Q, STM32U5F9ZIJ6QTR, STM32U5F9ZIT6Q, STM32U5F9ZJJ6QTR, STM32U5F9ZJT6Q, STM32U5G7VJT6, STM32U5G7VJT6Q, STM32U5G9BJY6QTR, STM32U5G9J-DK1, STM32U5G9J-DK2, STM32U5G9NJH6Q, STM32U5G9VJT6Q, STM32U5G9ZJJ6QTR, STM32U5G9ZJT6Q, STM32WB1MMCH6, STM32WBA50KEU6, STM32WBA50KEU6TR, STM32WBA50KGU6, STM32WBA50KGU6TR, STM32WBA52CEU6, STM32WBA52CEU6TR, STM32WBA52CEU7, STM32WBA52CEU7TR, STM32WBA52CGU6, STM32WBA52CGU6TR, STM32WBA52CGU6U, STM32WBA52CGU7, STM32WBA52CGU7TR, STM32WBA52KEU6, STM32WBA52KEU6TR, STM32WBA52KGU6, STM32WBA52KGU6TR, STM32WBA54CEU6, STM32WBA54CEU6TR, STM32WBA54CEU7, STM32WBA54CEU7TR, STM32WBA54CGU6, STM32WBA54CGU6TR, STM32WBA54CGU7, STM32WBA54CGU7TR, STM32WBA54KEU6, STM32WBA54KEU6TR, STM32WBA54KEU7, STM32WBA54KEU7TR, STM32WBA54KGU6, STM32WBA54KGU6TR, STM32WBA54KGU7, STM32WBA54KGU7TR, STM32WBA55CEU6, STM32WBA55CEU6TR, STM32WBA55CEU7, STM32WBA55CEU7TR, STM32WBA55CGU6, STM32WBA55CGU6TR, STM32WBA55CGU6U, STM32WBA55CGU7, STM32WBA55CGU7TR, STM32WBA55G-DK1, STM32WBA55HEF6, STM32WBA55HEF7, STM32WBA55HGF6, STM32WBA55HGF7, STM32WBA55UEI6, STM32WBA55UEI6TR, STM32WBA55UEI7, STM32WBA55UEI7TR, STM32WBA55UGI6, STM32WBA55UGI6TR, STM32WBA55UGI7, STM32WBA55UGI7TR, STM32WL5MOCH6, STM32WL5MOCH6TR]
2025-01-23 09:19:30,900 [INFO] DbMcus:218 - Found 4404 MCUs, 4404 are supported
2025-01-23 09:19:30,900 [INFO] ApiDb:423 - Load user favorites file C:\Users\user/.stm32cubeide/favorites.mcus.txt: 0 item(s)
2025-01-23 09:19:30,900 [INFO] ApiDb:427 - User favorites MCUs=[]
2025-01-23 09:19:30,900 [INFO] DbMcus:224 - Set 0 / 0 favorites MCUs
2025-01-23 09:19:31,086 [INFO] MicroXplorer:468 - Change Database Path : 
2025-01-23 09:19:31,086 [INFO] MicroXplorer:498 - Change Database Version : DB.6.0.100
2025-01-23 09:19:31,086 [WARN] ThirdParty:833 - waiting for thirdparty lock release [change project]
2025-01-23 09:19:31,086 [INFO] ThirdParty:835 - entering critical section [change project]
2025-01-23 09:19:31,086 [INFO] ThirdParty:1030 - CMSIS Pack Vendor :STMicroelectronics USBPD 4.1
2025-01-23 09:19:31,087 [INFO] ThirdParty:1030 - CMSIS Pack Vendor :STMicroelectronics X-CUBE-AZRTOS-H7 3.3.0
2025-01-23 09:19:31,087 [INFO] ThirdParty:1030 - CMSIS Pack Vendor :STMicroelectronics X-CUBE-NFC9 1.0.0
2025-01-23 09:19:31,087 [INFO] ThirdParty:1030 - CMSIS Pack Vendor :STMicroelectronics X-CUBE-GNSS1 6.0.0
2025-01-23 09:19:31,087 [INFO] ThirdParty:1030 - CMSIS Pack Vendor :STMicroelectronics USB_HOST 2.0.0
2025-01-23 09:19:31,087 [INFO] ThirdParty:1030 - CMSIS Pack Vendor :STMicroelectronics FP-SNS-MOTENVWB1 1.4.0
2025-01-23 09:19:31,087 [INFO] ThirdParty:1030 - CMSIS Pack Vendor :STMicroelectronics X-CUBE-AZRTOS-F4 1.1.0
2025-01-23 09:19:31,087 [INFO] ThirdParty:1030 - CMSIS Pack Vendor :STMicroelectronics LIBJPEG 8.0.0
2025-01-23 09:19:31,087 [INFO] ThirdParty:1030 - CMSIS Pack Vendor :STMicroelectronics FP-ATR-ASTRA1 2.0.1
2025-01-23 09:19:31,087 [INFO] ThirdParty:1030 - CMSIS Pack Vendor :STMicroelectronics X-CUBE-SMBUS 2.1.0
2025-01-23 09:19:31,087 [INFO] ThirdParty:1030 - CMSIS Pack Vendor :STMicroelectronics X-CUBE-WB05N 1.1.0
2025-01-23 09:19:31,087 [INFO] ThirdParty:1030 - CMSIS Pack Vendor :STMicroelectronics USB_DEVICE 3.0.0
2025-01-23 09:19:31,087 [INFO] ThirdParty:1030 - CMSIS Pack Vendor :STMicroelectronics X-CUBE-TCPP 4.1.0
2025-01-23 09:19:31,087 [INFO] ThirdParty:1030 - CMSIS Pack Vendor :STMicroelectronics X-CUBE-ISPU 2.1.0
2025-01-23 09:19:31,087 [INFO] ThirdParty:1030 - CMSIS Pack Vendor :STMicroelectronics X-CUBE-FREERTOS 1.2.0
2025-01-23 09:19:31,087 [INFO] ThirdParty:1030 - CMSIS Pack Vendor :STMicroelectronics X-CUBE-IPS 3.0.0
2025-01-23 09:19:31,087 [INFO] ThirdParty:1030 - CMSIS Pack Vendor :STMicroelectronics X-CUBE-AZRTOS-WB 2.0.0
2025-01-23 09:19:31,087 [INFO] ThirdParty:1030 - CMSIS Pack Vendor :STMicroelectronics X-CUBE-GNSS1 7.0.0
2025-01-23 09:19:31,087 [INFO] ThirdParty:1030 - CMSIS Pack Vendor :STMicroelectronics X-CUBE-GNSS1 7.0.1
2025-01-23 09:19:31,087 [INFO] ThirdParty:1030 - CMSIS Pack Vendor :STMicroelectronics X-CUBE-AZRTOS-F7 1.1.0
2025-01-23 09:19:31,087 [INFO] ThirdParty:1030 - CMSIS Pack Vendor :STMicroelectronics X-CUBE-AZRTOS-L5 2.0.0
2025-01-23 09:19:31,087 [INFO] ThirdParty:1030 - CMSIS Pack Vendor :STMicroelectronics USB_DEVICE 2.0.0
2025-01-23 09:19:31,087 [INFO] ThirdParty:1030 - CMSIS Pack Vendor :STMicroelectronics X-CUBE-NFC6 3.1.0
2025-01-23 09:19:31,087 [INFO] ThirdParty:1030 - CMSIS Pack Vendor :STMicroelectronics FP-SNS-STBOX1 2.0.0
2025-01-23 09:19:31,087 [INFO] ThirdParty:1030 - CMSIS Pack Vendor :STMicroelectronics X-CUBE-MEMS1 11.0.0
2025-01-23 09:19:31,087 [INFO] ThirdParty:1030 - CMSIS Pack Vendor :STMicroelectronics FreeRTOS 0.0.1
2025-01-23 09:19:31,087 [INFO] ThirdParty:1030 - CMSIS Pack Vendor :STMicroelectronics X-CUBE-AZRTOS-G0 1.1.0
2025-01-23 09:19:31,087 [INFO] ThirdParty:1030 - CMSIS Pack Vendor :STMicroelectronics X-CUBE-SAFEA1 1.2.2
2025-01-23 09:19:31,087 [INFO] ThirdParty:1030 - CMSIS Pack Vendor :STMicroelectronics X-CUBE-NFC4 3.0.0
2025-01-23 09:19:31,087 [INFO] ThirdParty:1030 - CMSIS Pack Vendor :STMicroelectronics X-CUBE-DPower 1.2.0
2025-01-23 09:19:31,087 [INFO] ThirdParty:1030 - CMSIS Pack Vendor :STMicroelectronics X-CUBE-SUBG2 5.0.0
2025-01-23 09:19:31,087 [INFO] ThirdParty:1030 - CMSIS Pack Vendor :STMicroelectronics STM32_WPAN 1.0.0
2025-01-23 09:19:31,087 [INFO] ThirdParty:1030 - CMSIS Pack Vendor :EmbeddedOffice I-CUBE-FS-RTOS 1.0.1
2025-01-23 09:19:31,087 [INFO] ThirdParty:1030 - CMSIS Pack Vendor :STMicroelectronics lwIP 2.0.3
2025-01-23 09:19:31,087 [INFO] ThirdParty:1030 - CMSIS Pack Vendor :STMicroelectronics FP-SNS-FLIGHT1 5.0.2
2025-01-23 09:19:31,087 [INFO] ThirdParty:1030 - CMSIS Pack Vendor :Cesanta I-CUBE-Mongoose 7.13.0
2025-01-23 09:19:31,087 [INFO] ThirdParty:1030 - CMSIS Pack Vendor :STMicroelectronics USB_HOST 1.0.0
2025-01-23 09:19:31,087 [INFO] ThirdParty:1030 - CMSIS Pack Vendor :STMicroelectronics X-CUBE-AI 9.0.0
2025-01-23 09:19:31,087 [INFO] ThirdParty:1030 - CMSIS Pack Vendor :STMicroelectronics X-CUBE-AZRTOS-G4 2.0.0
2025-01-23 09:19:31,087 [INFO] ThirdParty:1030 - CMSIS Pack Vendor :STMicroelectronics PDM2PCM 3.1.0
2025-01-23 09:19:31,087 [INFO] ThirdParty:1030 - CMSIS Pack Vendor :STMicroelectronics PDM2PCM 3.3.0
2025-01-23 09:19:31,087 [INFO] ThirdParty:1030 - CMSIS Pack Vendor :STMicroelectronics X-CUBE-DISPLAY 3.0.0
2025-01-23 09:19:31,087 [INFO] ThirdParty:1030 - CMSIS Pack Vendor :RealThread X-CUBE-RT-Thread_Nano 4.1.1
2025-01-23 09:19:31,087 [INFO] ThirdParty:1030 - CMSIS Pack Vendor :wolfSSL I-CUBE-wolfSSL 5.7.0
2025-01-23 09:19:31,087 [INFO] ThirdParty:1030 - CMSIS Pack Vendor :STMicroelectronics X-CUBE-BLE1 7.0.0
2025-01-23 09:19:31,087 [INFO] ThirdParty:1030 - CMSIS Pack Vendor :STMicroelectronics FP-ATR-SIGFOX1 3.2.0
2025-01-23 09:19:31,087 [INFO] ThirdParty:1030 - CMSIS Pack Vendor :STMicroelectronics X-CUBE-NFC10 1.0.0
2025-01-23 09:19:31,087 [INFO] ThirdParty:1030 - CMSIS Pack Vendor :quantropi X-CUBE-qispace-sdk-base 1.9.3
2025-01-23 09:19:31,087 [INFO] ThirdParty:1030 - CMSIS Pack Vendor :STMicroelectronics X-CUBE-ISPU 2.0.0
2025-01-23 09:19:31,087 [INFO] ThirdParty:1030 - CMSIS Pack Vendor :STMicroelectronics X-CUBE-BLEMGR 4.0.0
2025-01-23 09:19:31,087 [INFO] ThirdParty:1030 - CMSIS Pack Vendor :STMicroelectronics X-CUBE-EEPRMA1 5.1.0
2025-01-23 09:19:31,087 [INFO] ThirdParty:1030 - CMSIS Pack Vendor :STMicroelectronics HAL Drivers 0.0.0
2025-01-23 09:19:31,087 [INFO] ThirdParty:1030 - CMSIS Pack Vendor :STMicroelectronics MBEDTLS 2.16.2
2025-01-23 09:19:31,087 [INFO] ThirdParty:1030 - CMSIS Pack Vendor :STMicroelectronics X-CUBE-ALS 1.0.2
2025-01-23 09:19:31,087 [INFO] ThirdParty:1030 - CMSIS Pack Vendor :emotas I-CUBE-CANOPEN 1.3.0
2025-01-23 09:19:31,087 [INFO] ThirdParty:1030 - CMSIS Pack Vendor :STMicroelectronics X-CUBE-FREERTOS 1.3.0
2025-01-23 09:19:31,087 [INFO] ThirdParty:1030 - CMSIS Pack Vendor :STMicroelectronics X-CUBE-MEMS1 10.0.0
2025-01-23 09:19:31,087 [INFO] ThirdParty:1030 - CMSIS Pack Vendor :STMicroelectronics X-CUBE-NFC7 1.0.1
2025-01-23 09:19:31,087 [INFO] ThirdParty:1030 - CMSIS Pack Vendor :STMicroelectronics MBEDTLS 2.14.1
2025-01-23 09:19:31,087 [INFO] ThirdParty:1030 - CMSIS Pack Vendor :STMicroelectronics X-CUBE-TOUCHGFX 4.24.0
2025-01-23 09:19:31,087 [INFO] ThirdParty:1030 - CMSIS Pack Vendor :ITTIA_DB I-CUBE-ITTIADB 8.9.0
2025-01-23 09:19:31,087 [INFO] ThirdParty:1030 - CMSIS Pack Vendor :wolfSSL I-CUBE-wolfTPM 3.2.0
2025-01-23 09:19:31,087 [INFO] ThirdParty:1030 - CMSIS Pack Vendor :STMicroelectronics X-CUBE-TOUCHGFX 4.24.2
2025-01-23 09:19:31,087 [INFO] ThirdParty:1030 - CMSIS Pack Vendor :STMicroelectronics X-CUBE-TOUCHGFX 4.24.1
2025-01-23 09:19:31,087 [INFO] ThirdParty:1030 - CMSIS Pack Vendor :portGmbH I-Cube-SoM-uGOAL 1.1.0
2025-01-23 09:19:31,087 [INFO] ThirdParty:1030 - CMSIS Pack Vendor :STMicroelectronics X-CUBE-BLEMGR 3.1.0
2025-01-23 09:19:31,087 [INFO] ThirdParty:1030 - CMSIS Pack Vendor :STMicroelectronics ThreadX 1.0.0
2025-01-23 09:19:31,087 [INFO] ThirdParty:1030 - CMSIS Pack Vendor :STMicroelectronics FP-SNS-SMARTAG2 1.2.0
2025-01-23 09:19:31,087 [INFO] ThirdParty:1030 - CMSIS Pack Vendor :STMicroelectronics X-CUBE-MEMS1 11.1.0
2025-01-23 09:19:31,087 [INFO] ThirdParty:1030 - CMSIS Pack Vendor :STMicroelectronics X-CUBE-AZRTOS-WL 2.0.0
2025-01-23 09:19:31,087 [INFO] ThirdParty:1030 - CMSIS Pack Vendor :SEGGER I-CUBE-embOS 1.3.1
2025-01-23 09:19:31,087 [INFO] ThirdParty:1030 - CMSIS Pack Vendor :STMicroelectronics X-CUBE-ALGOBUILD 1.4.0
2025-01-23 09:19:31,088 [INFO] ThirdParty:1030 - CMSIS Pack Vendor :STMicroelectronics FP-SNS-MOTENV1 5.0.0
2025-01-23 09:19:31,088 [INFO] ThirdParty:1030 - CMSIS Pack Vendor :STMicroelectronics USB_DEVICE 1.0.0
2025-01-23 09:19:31,088 [INFO] ThirdParty:1030 - CMSIS Pack Vendor :STMicroelectronics X-CUBE-AZRTOS-H7RS 1.0.0
2025-01-23 09:19:31,088 [INFO] ThirdParty:1030 - CMSIS Pack Vendor :wolfSSL I-CUBE-wolfMQTT 1.19.0
2025-01-23 09:19:31,088 [INFO] ThirdParty:1030 - CMSIS Pack Vendor :STMicroelectronics X-CUBE-AZRTOS-L4 2.0.0
2025-01-23 09:19:31,088 [INFO] ThirdParty:1030 - CMSIS Pack Vendor :STMicroelectronics ThreadX 0.0.2
2025-01-23 09:19:31,088 [INFO] ThirdParty:1030 - CMSIS Pack Vendor :WES I-CUBE-Cesium 1.3.0
2025-01-23 09:19:31,088 [INFO] ThirdParty:1030 - CMSIS Pack Vendor :STMicroelectronics FP-ATR-ASTRA1 2.0.0
2025-01-23 09:19:31,088 [INFO] ThirdParty:1030 - CMSIS Pack Vendor :STMicroelectronics lwIP 2.1.2
2025-01-23 09:19:31,088 [INFO] ThirdParty:1030 - CMSIS Pack Vendor :STMicroelectronics X-CUBE-SFXS2LP1 4.0.0
2025-01-23 09:19:31,088 [INFO] ThirdParty:1030 - CMSIS Pack Vendor :STMicroelectronics X-CUBE-BLE2 3.3.0
2025-01-23 09:19:31,088 [INFO] ThirdParty:1030 - CMSIS Pack Vendor :STMicroelectronics X-CUBE-TOF1 3.4.2
2025-01-23 09:19:31,088 [INFO] ThirdParty:1030 - CMSIS Pack Vendor :STMicroelectronics X-CUBE-AI 9.1.0
2025-01-23 09:19:31,088 [INFO] ThirdParty:1030 - CMSIS Pack Vendor :STMicroelectronics X-CUBE-TOF1 3.4.1
2025-01-23 09:19:31,088 [INFO] ThirdParty:1030 - CMSIS Pack Vendor :STMicroelectronics X-CUBE-AZRTOS-H7 3.2.0
2025-01-23 09:19:31,088 [INFO] ThirdParty:1030 - CMSIS Pack Vendor :Infineon AIROC-Wi-Fi-Bluetooth-STM32 1.6.0
2025-01-23 09:19:31,088 [INFO] ThirdParty:1030 - CMSIS Pack Vendor :STMicroelectronics PDM2PCM 3.2.0
2025-01-23 09:19:31,088 [INFO] ThirdParty:1030 - CMSIS Pack Vendor :wolfSSL I-CUBE-wolfSSH 1.4.17
2025-01-23 09:19:31,088 [INFO] ThirdParty:841 - exiting critical section [change project]
2025-01-23 09:19:31,273 [INFO] PinOutPanel:1499 - setPackage(No Configuration,No Configuration)
2025-01-23 09:19:31,274 [INFO] PinOutPanel:1499 - setPackage(STM32F411RETx,LQFP64)
2025-01-23 09:19:31,500 [INFO] UtilMem:75 - Before build in PCC Used Memory: 270563472 Bytes (330301440)
2025-01-23 09:19:32,040 [INFO] UtilMem:75 - After build in PCC Used Memory: 247874136 Bytes (337641472)
2025-01-23 09:19:32,055 [INFO] IPUIPlugin:80 - create IPUIPlugin
2025-01-23 09:19:32,055 [INFO] IPUIPlugin:80 - create IPUIPlugin
2025-01-23 09:19:32,055 [INFO] IPUIPlugin:80 - create IPUIPlugin
2025-01-23 09:19:32,055 [INFO] IPUIPlugin:80 - create IPUIPlugin
2025-01-23 09:19:32,055 [INFO] IPUIPlugin:80 - create IPUIPlugin
2025-01-23 09:19:32,055 [INFO] IPUIPlugin:80 - create IPUIPlugin
2025-01-23 09:19:32,055 [INFO] IPUIPlugin:80 - create IPUIPlugin
2025-01-23 09:19:32,055 [INFO] IPUIPlugin:80 - create IPUIPlugin
2025-01-23 09:19:32,055 [INFO] IPUIPlugin:80 - create IPUIPlugin
2025-01-23 09:19:32,055 [INFO] IPUIPlugin:80 - create IPUIPlugin
2025-01-23 09:19:32,055 [INFO] IPUIPlugin:80 - create IPUIPlugin
2025-01-23 09:19:32,055 [INFO] IPUIPlugin:80 - create IPUIPlugin
2025-01-23 09:19:32,055 [INFO] IPUIPlugin:80 - create IPUIPlugin
2025-01-23 09:19:32,055 [INFO] IPUIPlugin:80 - create IPUIPlugin
2025-01-23 09:19:32,056 [INFO] IPUIPlugin:80 - create IPUIPlugin
2025-01-23 09:19:32,056 [INFO] IPUIPlugin:80 - create IPUIPlugin
2025-01-23 09:19:32,056 [INFO] IPUIPlugin:80 - create IPUIPlugin
2025-01-23 09:19:32,056 [INFO] IPUIPlugin:80 - create IPUIPlugin
2025-01-23 09:19:32,056 [INFO] IPUIPlugin:80 - create IPUIPlugin
2025-01-23 09:19:32,056 [INFO] IPUIPlugin:80 - create IPUIPlugin
2025-01-23 09:19:32,056 [INFO] IPUIPlugin:80 - create IPUIPlugin
2025-01-23 09:19:32,056 [INFO] IPUIPlugin:80 - create IPUIPlugin
2025-01-23 09:19:32,056 [INFO] IPUIPlugin:80 - create IPUIPlugin
2025-01-23 09:19:32,056 [INFO] IPUIPlugin:80 - create IPUIPlugin
2025-01-23 09:19:32,056 [INFO] IPUIPlugin:80 - create IPUIPlugin
2025-01-23 09:19:32,056 [INFO] IPUIPlugin:80 - create IPUIPlugin
2025-01-23 09:19:32,056 [INFO] IPUIPlugin:80 - create IPUIPlugin
2025-01-23 09:19:32,056 [INFO] IPUIPlugin:80 - create IPUIPlugin
2025-01-23 09:19:32,057 [INFO] IPUIPlugin:80 - create IPUIPlugin
2025-01-23 09:19:32,057 [INFO] IPUIPlugin:80 - create IPUIPlugin
2025-01-23 09:19:32,057 [INFO] IPUIPlugin:80 - create IPUIPlugin
2025-01-23 09:19:32,057 [INFO] IPUIPlugin:80 - create IPUIPlugin
2025-01-23 09:19:32,057 [INFO] IPUIPlugin:80 - create IPUIPlugin
2025-01-23 09:19:32,057 [INFO] IPUIPlugin:80 - create IPUIPlugin
2025-01-23 09:19:32,057 [INFO] IPUIPlugin:80 - create IPUIPlugin
2025-01-23 09:19:32,057 [INFO] IPUIPlugin:80 - create IPUIPlugin
2025-01-23 09:19:32,057 [INFO] IPUIPlugin:80 - create IPUIPlugin
2025-01-23 09:19:32,057 [INFO] IPUIPlugin:80 - create IPUIPlugin
2025-01-23 09:19:32,057 [INFO] IPUIPlugin:80 - create IPUIPlugin
2025-01-23 09:19:32,057 [INFO] IPUIPlugin:80 - create IPUIPlugin
2025-01-23 09:19:32,058 [INFO] IPUIPlugin:80 - create IPUIPlugin
2025-01-23 09:19:32,058 [INFO] IPUIPlugin:80 - create IPUIPlugin
2025-01-23 09:19:32,058 [INFO] IPUIPlugin:80 - create IPUIPlugin
2025-01-23 09:19:32,131 [INFO] ApiDbMcu:508 - Load IP Config File for PDM2PCM
2025-01-23 09:19:32,270 [INFO] CADModel:165 - CPN selected for project levelSTM32F411RET6
2025-01-23 09:19:32,271 [INFO] CADModel:114 - Register for checkConnection events
2025-01-23 09:19:32,316 [INFO] OpenFileManager:343 - Restore cursor
2025-01-23 09:19:36,658 [ERROR] LogOutputStream:75 - [STDERR_REDIRECT] SLF4J: Failed to load class "org.slf4j.impl.StaticLoggerBinder".
2025-01-23 09:19:36,658 [ERROR] LogOutputStream:75 - [STDERR_REDIRECT] SLF4J: Defaulting to no-operation (NOP) logger implementation
2025-01-23 09:19:36,659 [ERROR] LogOutputStream:75 - [STDERR_REDIRECT] SLF4J: See http://www.slf4j.org/codes.html#StaticLoggerBinder for further details.
2025-01-23 09:20:21,572 [INFO] NvicIntPanel:101 - NVIC parent = com.st.microxplorer.plugins.ip.nvic.MultiNvicIntPanel[,0,0,0x0,invalid,layout=javax.swing.BoxLayout,alignmentX=0.0,alignmentY=0.0,border=,flags=9,maximumSize=,minimumSize=,preferredSize=]
2025-01-23 09:24:50,842 [INFO] NvicIntPanel:101 - NVIC parent = com.st.microxplorer.plugins.ip.nvic.MultiNvicIntPanel[,0,0,0x0,invalid,layout=javax.swing.BoxLayout,alignmentX=0.0,alignmentY=0.0,border=,flags=9,maximumSize=,minimumSize=,preferredSize=]
2025-01-23 09:28:30,356 [INFO] UtilMem:75 - End SaveConfig() Used Memory: 771829112 Bytes (1073741824)
2025-01-23 09:28:32,966 [INFO] UtilMem:75 - End SaveConfig() Used Memory: 813245816 Bytes (1073741824)
2025-01-23 09:28:33,212 [INFO] BlockDiagram:2759 - set Specific Code input for plugin: NVIC
2025-01-23 09:28:33,212 [INFO] BlockDiagram:2759 - set Specific Code input for plugin: USART
2025-01-23 09:28:33,212 [INFO] BlockDiagram:2759 - set Specific Code input for plugin: USART
2025-01-23 09:28:33,212 [INFO] BlockDiagram:2759 - set Specific Code input for plugin: DMA
2025-01-23 09:28:33,212 [INFO] BlockDiagram:2759 - set Specific Code input for plugin: SYS
2025-01-23 09:28:33,213 [INFO] BlockDiagram:2759 - set Specific Code input for plugin: GPIO
2025-01-23 09:28:33,213 [INFO] BlockDiagram:2759 - set Specific Code input for plugin: RCC
2025-01-23 09:28:33,214 [INFO] CodeGenerator:807 - code generatio: config db path: C:\ST\STM32CubeIDE_1.14.1\STM32CubeIDE\plugins\com.st.stm32cube.common.mx_6.10.0.202311202037\\db\
2025-01-23 09:28:33,390 [INFO] CodeEngine:255 - oldGeneratedFile, C:\Users\user\source\repos\STM32\Test009-Bluetooth\MXTmpFiles\license.tmp_save
2025-01-23 09:28:33,616 [INFO] CodeEngine:279 - Generated code: C:\Users\user\source\repos\STM32\Test009-Bluetooth\MXTmpFiles\license.tmp
2025-01-23 09:28:33,649 [INFO] CodeEngine:255 - oldGeneratedFile, C:\Users\user\source\repos\STM32\Test009-Bluetooth\MXTmpFiles\gpio.tmp_save
2025-01-23 09:28:33,730 [INFO] CodeEngine:279 - Generated code: C:\Users\user\source\repos\STM32\Test009-Bluetooth\MXTmpFiles\gpio.tmp
2025-01-23 09:28:33,844 [INFO] CodeEngine:255 - oldGeneratedFile, C:\Users\user\source\repos\STM32\Test009-Bluetooth\MXTmpFiles\dma.tmp_save
2025-01-23 09:28:33,893 [INFO] CodeEngine:279 - Generated code: C:\Users\user\source\repos\STM32\Test009-Bluetooth\MXTmpFiles\dma.tmp
2025-01-23 09:28:33,899 [INFO] CodeEngine:255 - oldGeneratedFile, C:\Users\user\source\repos\STM32\Test009-Bluetooth\MXTmpFiles\dma_GV.tmp_save
2025-01-23 09:28:33,941 [INFO] CodeEngine:279 - Generated code: C:\Users\user\source\repos\STM32\Test009-Bluetooth\MXTmpFiles\dma_GV.tmp
2025-01-23 09:28:33,957 [INFO] CodeEngine:255 - oldGeneratedFile, C:\Users\user\source\repos\STM32\Test009-Bluetooth\Core\Src\stm32f4xx_it.c_save
2025-01-23 09:28:34,033 [INFO] CodeEngine:279 - Generated code: C:\Users\user\source\repos\STM32\Test009-Bluetooth\Core\Src\stm32f4xx_it.c
2025-01-23 09:28:34,041 [INFO] CodeEngine:255 - oldGeneratedFile, C:\Users\user\source\repos\STM32\Test009-Bluetooth\Core\Inc\stm32f4xx_it.h_save
2025-01-23 09:28:34,087 [INFO] CodeEngine:279 - Generated code: C:\Users\user\source\repos\STM32\Test009-Bluetooth\Core\Inc\stm32f4xx_it.h
2025-01-23 09:28:34,100 [INFO] CodeEngine:255 - oldGeneratedFile, C:\Users\user\source\repos\STM32\Test009-Bluetooth\Core\Src\stm32f4xx_hal_msp.c_save
2025-01-23 09:28:34,185 [INFO] CodeEngine:279 - Generated code: C:\Users\user\source\repos\STM32\Test009-Bluetooth\Core\Src\stm32f4xx_hal_msp.c
2025-01-23 09:28:34,191 [INFO] CodeEngine:255 - oldGeneratedFile, C:\Users\user\source\repos\STM32\Test009-Bluetooth\MXTmpFiles\system.tmp_save
2025-01-23 09:28:34,233 [INFO] CodeEngine:279 - Generated code: C:\Users\user\source\repos\STM32\Test009-Bluetooth\MXTmpFiles\system.tmp
2025-01-23 09:28:34,245 [INFO] CodeEngine:311 - oldGeneratedFile, C:\Users\user\source\repos\STM32\Test009-Bluetooth\Core\Inc\stm32f4xx_hal_conf.h_save
2025-01-23 09:28:34,298 [INFO] CodeEngine:335 - Generated code: C:\Users\user\source\repos\STM32\Test009-Bluetooth\Core\Inc\stm32f4xx_hal_conf.h
2025-01-23 09:28:34,352 [INFO] CodeEngine:255 - oldGeneratedFile, C:\Users\user\source\repos\STM32\Test009-Bluetooth\Core\Inc\main.h_save
2025-01-23 09:28:34,410 [INFO] CodeEngine:279 - Generated code: C:\Users\user\source\repos\STM32\Test009-Bluetooth\Core\Inc\main.h
2025-01-23 09:28:34,416 [INFO] CodeEngine:255 - oldGeneratedFile, C:\Users\user\source\repos\STM32\Test009-Bluetooth\Core\Src\main.c_save
2025-01-23 09:28:34,503 [INFO] CodeEngine:279 - Generated code: C:\Users\user\source\repos\STM32\Test009-Bluetooth\Core\Src\main.c
2025-01-23 09:28:34,906 [INFO] ProjectBuilder:3076 - Time for Copy HAL[1] : 215mS.
2025-01-23 09:28:34,911 [INFO] ProjectBuilder:4485 - Project Generator version: 4.2.0-B44
2025-01-23 09:28:35,068 [INFO] ConfigFileManager:1495 - The Die is : DIE431
2025-01-23 09:28:35,075 [INFO] ApiDbMcu:508 - Load IP Config File for FATFS
2025-01-23 09:28:35,078 [INFO] ApiDbMcu:508 - Load IP Config File for FREERTOS
2025-01-23 09:28:35,080 [INFO] ApiDbMcu:508 - Load IP Config File for LIBJPEG
2025-01-23 09:28:35,086 [INFO] ApiDbMcu:508 - Load IP Config File for MBEDTLS
2025-01-23 09:28:35,095 [INFO] ApiDbMcu:508 - Load IP Config File for USB_DEVICE
2025-01-23 09:28:35,100 [INFO] ApiDbMcu:508 - Load IP Config File for USB_HOST
2025-01-23 09:28:35,512 [INFO] LogOutputStream:77 - [STDOUT_REDIRECT] 
2025-01-23 09:28:36,188 [INFO] ProjectBuilder:4747 - Time for Generating toolchain IDE Files: 1277mS.
2025-01-23 09:28:36,189 [INFO] ProjectBuilder:2947 - Time for Copy CMSIS : 0mS.
2025-01-23 09:28:36,193 [INFO] ProjectBuilder:2947 - Time for Copy CMSIS : 0mS.
2025-01-23 16:53:17,347 [ERROR] LogOutputStream:75 - [STDERR_REDIRECT] 
